#-----------------------------------------------------------
# Vivado v2020.1 (64-bit)
# SW Build 2902540 on Wed May 27 19:54:49 MDT 2020
# IP Build 2902112 on Wed May 27 22:43:36 MDT 2020
# Start of session at: Fri Dec  4 15:01:34 2020
# Process ID: 13816
# Current directory: C:/Users/walto/Desktop/School/2020-Fall/COMPE-470/Project/Verilog_Project
# Command line: vivado.exe -gui_launcher_event rodinguilauncherevent6872 C:\Users\walto\Desktop\School\2020-Fall\COMPE-470\Project\Verilog_Project\remote_pwm.xpr
# Log file: C:/Users/walto/Desktop/School/2020-Fall/COMPE-470/Project/Verilog_Project/vivado.log
# Journal file: C:/Users/walto/Desktop/School/2020-Fall/COMPE-470/Project/Verilog_Project\vivado.jou
#-----------------------------------------------------------
start_gui
open_project C:/Users/walto/Desktop/School/2020-Fall/COMPE-470/Project/Verilog_Project/remote_pwm.xpr
Scanning sources...
Finished scanning sources
INFO: [IP_Flow 19-234] Refreshing IP repositories
INFO: [IP_Flow 19-1704] No user IP repositories specified
INFO: [IP_Flow 19-2313] Loaded Vivado IP repository 'C:/Xilinx/Vivado/2020.1/data/ip'.
open_project: Time (s): cpu = 00:00:10 ; elapsed = 00:00:07 . Memory (MB): peak = 1061.441 ; gain = 0.000
set_property top tb_MSPI [get_filesets sim_1]
set_property top_lib xil_defaultlib [get_filesets sim_1]
launch_simulation
Command: launch_simulation 
INFO: [Vivado 12-5682] Launching behavioral simulation in 'C:/Users/walto/Desktop/School/2020-Fall/COMPE-470/Project/Verilog_Project/remote_pwm.sim/sim_1/behav/xsim'
INFO: [SIM-utils-51] Simulation object is 'sim_1'
INFO: [SIM-utils-54] Inspecting design source files for 'tb_MSPI' in fileset 'sim_1'...
INFO: [USF-XSim-97] Finding global include files...
INFO: [USF-XSim-100] Fetching design files from 'sources_1'...(this may take a while)...
INFO: [USF-XSim-101] Fetching design files from 'sim_1'...
INFO: [USF-XSim-2] XSim::Compile design
INFO: [USF-XSim-61] Executing 'COMPILE and ANALYZE' step in 'C:/Users/walto/Desktop/School/2020-Fall/COMPE-470/Project/Verilog_Project/remote_pwm.sim/sim_1/behav/xsim'
"xvlog --incr --relax -prj tb_MSPI_vlog.prj"
INFO: [VRFC 10-2263] Analyzing Verilog file "C:/Users/walto/Desktop/School/2020-Fall/COMPE-470/Project/Verilog_Project/remote_pwm.srcs/sources_1/new/MSPI.v" into library xil_defaultlib
INFO: [VRFC 10-311] analyzing module MSPI
INFO: [VRFC 10-2263] Analyzing Verilog file "C:/Users/walto/Desktop/School/2020-Fall/COMPE-470/Project/Verilog_Project/remote_pwm.srcs/sources_1/new/SSPI.v" into library xil_defaultlib
INFO: [VRFC 10-311] analyzing module SSPI
INFO: [VRFC 10-2263] Analyzing Verilog file "C:/Users/walto/Desktop/School/2020-Fall/COMPE-470/Project/Verilog_Project/remote_pwm.srcs/sources_1/new/PWM.v" into library xil_defaultlib
INFO: [VRFC 10-311] analyzing module PWM
INFO: [VRFC 10-2263] Analyzing Verilog file "C:/Users/walto/Desktop/School/2020-Fall/COMPE-470/Project/Verilog_Project/remote_pwm.srcs/sim_1/new/tb_PWM.v" into library xil_defaultlib
INFO: [VRFC 10-311] analyzing module tb_PWM
INFO: [VRFC 10-2263] Analyzing Verilog file "C:/Users/walto/Desktop/School/2020-Fall/COMPE-470/Project/Verilog_Project/remote_pwm.srcs/sim_1/new/tb_MSPI.v" into library xil_defaultlib
INFO: [VRFC 10-311] analyzing module tb_MSPI
INFO: [VRFC 10-2263] Analyzing Verilog file "C:/Users/walto/Desktop/School/2020-Fall/COMPE-470/Project/Verilog_Project/remote_pwm.srcs/sim_1/new/tb_SSPI.v" into library xil_defaultlib
INFO: [VRFC 10-311] analyzing module tb_SSPI
INFO: [VRFC 10-2263] Analyzing Verilog file "C:/Users/walto/Desktop/School/2020-Fall/COMPE-470/Project/Verilog_Project/remote_pwm.srcs/sim_1/new/tb_MAIN.v" into library xil_defaultlib
INFO: [VRFC 10-311] analyzing module tb_MAIN
INFO: [USF-XSim-69] 'compile' step finished in '1' seconds
INFO: [USF-XSim-3] XSim::Elaborate design
INFO: [USF-XSim-61] Executing 'ELABORATE' step in 'C:/Users/walto/Desktop/School/2020-Fall/COMPE-470/Project/Verilog_Project/remote_pwm.sim/sim_1/behav/xsim'
"xelab -wto 083e3abf12c84338b4f409d41b00dd78 --incr --debug typical --relax --mt 2 -L xil_defaultlib -L unisims_ver -L unimacro_ver -L secureip --snapshot tb_MSPI_behav xil_defaultlib.tb_MSPI xil_defaultlib.glbl -log elaborate.log"
Vivado Simulator 2020.1
Copyright 1986-1999, 2001-2020 Xilinx, Inc. All Rights Reserved.
Running: C:/Xilinx/Vivado/2020.1/bin/unwrapped/win64.o/xelab.exe -wto 083e3abf12c84338b4f409d41b00dd78 --incr --debug typical --relax --mt 2 -L xil_defaultlib -L unisims_ver -L unimacro_ver -L secureip --snapshot tb_MSPI_behav xil_defaultlib.tb_MSPI xil_defaultlib.glbl -log elaborate.log 
Using 2 slave threads.
Starting static elaboration
Pass Through NonSizing Optimizer
WARNING: [VRFC 10-3091] actual bit length 3 differs from formal bit length 4 for port 'COUNT' [C:/Users/walto/Desktop/School/2020-Fall/COMPE-470/Project/Verilog_Project/remote_pwm.srcs/sim_1/new/tb_MSPI.v:15]
Completed static elaboration
Starting simulation data flow analysis
WARNING: [XSIM 43-4099] "C:/Users/walto/Desktop/School/2020-Fall/COMPE-470/Project/Verilog_Project/remote_pwm.srcs/sources_1/new/MSPI.v" Line 1. Module MSPI doesn't have a timescale but at least one module in design has a timescale.
WARNING: [XSIM 43-4099] "C:/Users/walto/Desktop/School/2020-Fall/COMPE-470/Project/Verilog_Project/remote_pwm.srcs/sources_1/new/MSPI.v" Line 1. Module MSPI doesn't have a timescale but at least one module in design has a timescale.
Completed simulation data flow analysis
Time Resolution for simulation is 1ps
Compiling module xil_defaultlib.MSPI
Compiling module xil_defaultlib.tb_MSPI
Compiling module xil_defaultlib.glbl
Built simulation snapshot tb_MSPI_behav

****** Webtalk v2020.1 (64-bit)
  **** SW Build 2902540 on Wed May 27 19:54:49 MDT 2020
  **** IP Build 2902112 on Wed May 27 22:43:36 MDT 2020
    ** Copyright 1986-2020 Xilinx, Inc. All Rights Reserved.

source C:/Users/walto/Desktop/School/2020-Fall/COMPE-470/Project/Verilog_Project/remote_pwm.sim/sim_1/behav/xsim/xsim.dir/tb_MSPI_behav/webtalk/xsim_webtalk.tcl -notrace
INFO: [Common 17-206] Exiting Webtalk at Fri Dec  4 22:44:40 2020...
INFO: [USF-XSim-69] 'elaborate' step finished in '3' seconds
INFO: [USF-XSim-4] XSim::Simulate design
INFO: [USF-XSim-61] Executing 'SIMULATE' step in 'C:/Users/walto/Desktop/School/2020-Fall/COMPE-470/Project/Verilog_Project/remote_pwm.sim/sim_1/behav/xsim'
INFO: [USF-XSim-98] *** Running xsim
   with args "tb_MSPI_behav -key {Behavioral:sim_1:Functional:tb_MSPI} -tclbatch {tb_MSPI.tcl} -log {simulate.log}"
INFO: [USF-XSim-8] Loading simulator feature
Vivado Simulator 2020.1
Time resolution is 1 ps
source tb_MSPI.tcl
# set curr_wave [current_wave_config]
# if { [string length $curr_wave] == 0 } {
#   if { [llength [get_objects]] > 0} {
#     add_wave /
#     set_property needs_save false [current_wave_config]
#   } else {
#      send_msg_id Add_Wave-1 WARNING "No top level signals found. Simulator will start without a wave window. If you want to open a wave window go to 'File->New Waveform Configuration' or type 'create_wave_config' in the TCL console."
#   }
# }
# run 2000ns
$finish called at time : 470 ns : File "C:/Users/walto/Desktop/School/2020-Fall/COMPE-470/Project/Verilog_Project/remote_pwm.srcs/sim_1/new/tb_MSPI.v" Line 49
INFO: [USF-XSim-96] XSim completed. Design snapshot 'tb_MSPI_behav' loaded.
INFO: [USF-XSim-97] XSim simulation ran for 2000ns
launch_simulation: Time (s): cpu = 00:00:07 ; elapsed = 00:00:08 . Memory (MB): peak = 1061.441 ; gain = 0.000
close_sim
INFO: [Simtcl 6-16] Simulation closed
set_property top tb_SSPI [get_filesets sim_1]
set_property top_lib xil_defaultlib [get_filesets sim_1]
launch_simulation
Command: launch_simulation 
INFO: [Vivado 12-5682] Launching behavioral simulation in 'C:/Users/walto/Desktop/School/2020-Fall/COMPE-470/Project/Verilog_Project/remote_pwm.sim/sim_1/behav/xsim'
INFO: [SIM-utils-51] Simulation object is 'sim_1'
INFO: [SIM-utils-54] Inspecting design source files for 'tb_SSPI' in fileset 'sim_1'...
INFO: [USF-XSim-97] Finding global include files...
INFO: [USF-XSim-100] Fetching design files from 'sources_1'...(this may take a while)...
INFO: [USF-XSim-101] Fetching design files from 'sim_1'...
INFO: [USF-XSim-2] XSim::Compile design
INFO: [USF-XSim-61] Executing 'COMPILE and ANALYZE' step in 'C:/Users/walto/Desktop/School/2020-Fall/COMPE-470/Project/Verilog_Project/remote_pwm.sim/sim_1/behav/xsim'
"xvlog --incr --relax -prj tb_SSPI_vlog.prj"
INFO: [VRFC 10-2263] Analyzing Verilog file "C:/Users/walto/Desktop/School/2020-Fall/COMPE-470/Project/Verilog_Project/remote_pwm.srcs/sources_1/new/MSPI.v" into library xil_defaultlib
INFO: [VRFC 10-311] analyzing module MSPI
INFO: [VRFC 10-2263] Analyzing Verilog file "C:/Users/walto/Desktop/School/2020-Fall/COMPE-470/Project/Verilog_Project/remote_pwm.srcs/sources_1/new/SSPI.v" into library xil_defaultlib
INFO: [VRFC 10-311] analyzing module SSPI
INFO: [VRFC 10-2263] Analyzing Verilog file "C:/Users/walto/Desktop/School/2020-Fall/COMPE-470/Project/Verilog_Project/remote_pwm.srcs/sources_1/new/PWM.v" into library xil_defaultlib
INFO: [VRFC 10-311] analyzing module PWM
INFO: [VRFC 10-2263] Analyzing Verilog file "C:/Users/walto/Desktop/School/2020-Fall/COMPE-470/Project/Verilog_Project/remote_pwm.srcs/sim_1/new/tb_PWM.v" into library xil_defaultlib
INFO: [VRFC 10-311] analyzing module tb_PWM
INFO: [VRFC 10-2263] Analyzing Verilog file "C:/Users/walto/Desktop/School/2020-Fall/COMPE-470/Project/Verilog_Project/remote_pwm.srcs/sim_1/new/tb_MSPI.v" into library xil_defaultlib
INFO: [VRFC 10-311] analyzing module tb_MSPI
INFO: [VRFC 10-2263] Analyzing Verilog file "C:/Users/walto/Desktop/School/2020-Fall/COMPE-470/Project/Verilog_Project/remote_pwm.srcs/sim_1/new/tb_SSPI.v" into library xil_defaultlib
INFO: [VRFC 10-311] analyzing module tb_SSPI
INFO: [VRFC 10-2263] Analyzing Verilog file "C:/Users/walto/Desktop/School/2020-Fall/COMPE-470/Project/Verilog_Project/remote_pwm.srcs/sim_1/new/tb_MAIN.v" into library xil_defaultlib
INFO: [VRFC 10-311] analyzing module tb_MAIN
INFO: [USF-XSim-69] 'compile' step finished in '2' seconds
INFO: [USF-XSim-3] XSim::Elaborate design
INFO: [USF-XSim-61] Executing 'ELABORATE' step in 'C:/Users/walto/Desktop/School/2020-Fall/COMPE-470/Project/Verilog_Project/remote_pwm.sim/sim_1/behav/xsim'
"xelab -wto 083e3abf12c84338b4f409d41b00dd78 --incr --debug typical --relax --mt 2 -L xil_defaultlib -L unisims_ver -L unimacro_ver -L secureip --snapshot tb_SSPI_behav xil_defaultlib.tb_SSPI xil_defaultlib.glbl -log elaborate.log"
Vivado Simulator 2020.1
Copyright 1986-1999, 2001-2020 Xilinx, Inc. All Rights Reserved.
Running: C:/Xilinx/Vivado/2020.1/bin/unwrapped/win64.o/xelab.exe -wto 083e3abf12c84338b4f409d41b00dd78 --incr --debug typical --relax --mt 2 -L xil_defaultlib -L unisims_ver -L unimacro_ver -L secureip --snapshot tb_SSPI_behav xil_defaultlib.tb_SSPI xil_defaultlib.glbl -log elaborate.log 
Using 2 slave threads.
Starting static elaboration
Pass Through NonSizing Optimizer
WARNING: [VRFC 10-3091] actual bit length 3 differs from formal bit length 4 for port 'COUNT' [C:/Users/walto/Desktop/School/2020-Fall/COMPE-470/Project/Verilog_Project/remote_pwm.srcs/sim_1/new/tb_SSPI.v:12]
Completed static elaboration
Starting simulation data flow analysis
WARNING: [XSIM 43-4099] "C:/Users/walto/Desktop/School/2020-Fall/COMPE-470/Project/Verilog_Project/remote_pwm.srcs/sources_1/new/SSPI.v" Line 1. Module SSPI doesn't have a timescale but at least one module in design has a timescale.
WARNING: [XSIM 43-4099] "C:/Users/walto/Desktop/School/2020-Fall/COMPE-470/Project/Verilog_Project/remote_pwm.srcs/sources_1/new/SSPI.v" Line 1. Module SSPI doesn't have a timescale but at least one module in design has a timescale.
Completed simulation data flow analysis
Time Resolution for simulation is 1ps
Compiling module xil_defaultlib.SSPI
Compiling module xil_defaultlib.tb_SSPI
Compiling module xil_defaultlib.glbl
Built simulation snapshot tb_SSPI_behav

****** Webtalk v2020.1 (64-bit)
  **** SW Build 2902540 on Wed May 27 19:54:49 MDT 2020
  **** IP Build 2902112 on Wed May 27 22:43:36 MDT 2020
    ** Copyright 1986-2020 Xilinx, Inc. All Rights Reserved.

source C:/Users/walto/Desktop/School/2020-Fall/COMPE-470/Project/Verilog_Project/remote_pwm.sim/sim_1/behav/xsim/xsim.dir/tb_SSPI_behav/webtalk/xsim_webtalk.tcl -notrace
INFO: [Common 17-206] Exiting Webtalk at Fri Dec  4 23:20:57 2020...
INFO: [USF-XSim-69] 'elaborate' step finished in '2' seconds
INFO: [USF-XSim-4] XSim::Simulate design
INFO: [USF-XSim-61] Executing 'SIMULATE' step in 'C:/Users/walto/Desktop/School/2020-Fall/COMPE-470/Project/Verilog_Project/remote_pwm.sim/sim_1/behav/xsim'
INFO: [USF-XSim-98] *** Running xsim
   with args "tb_SSPI_behav -key {Behavioral:sim_1:Functional:tb_SSPI} -tclbatch {tb_SSPI.tcl} -log {simulate.log}"
INFO: [USF-XSim-8] Loading simulator feature
Vivado Simulator 2020.1
Time resolution is 1 ps
source tb_SSPI.tcl
# set curr_wave [current_wave_config]
# if { [string length $curr_wave] == 0 } {
#   if { [llength [get_objects]] > 0} {
#     add_wave /
#     set_property needs_save false [current_wave_config]
#   } else {
#      send_msg_id Add_Wave-1 WARNING "No top level signals found. Simulator will start without a wave window. If you want to open a wave window go to 'File->New Waveform Configuration' or type 'create_wave_config' in the TCL console."
#   }
# }
# run 2000ns
$finish called at time : 570 ns : File "C:/Users/walto/Desktop/School/2020-Fall/COMPE-470/Project/Verilog_Project/remote_pwm.srcs/sim_1/new/tb_SSPI.v" Line 39
INFO: [USF-XSim-96] XSim completed. Design snapshot 'tb_SSPI_behav' loaded.
INFO: [USF-XSim-97] XSim simulation ran for 2000ns
launch_simulation: Time (s): cpu = 00:00:04 ; elapsed = 00:00:07 . Memory (MB): peak = 1061.441 ; gain = 0.000
close_sim
INFO: [Simtcl 6-16] Simulation closed
launch_simulation
Command: launch_simulation 
INFO: [Vivado 12-5682] Launching behavioral simulation in 'C:/Users/walto/Desktop/School/2020-Fall/COMPE-470/Project/Verilog_Project/remote_pwm.sim/sim_1/behav/xsim'
INFO: [SIM-utils-51] Simulation object is 'sim_1'
INFO: [SIM-utils-54] Inspecting design source files for 'tb_SSPI' in fileset 'sim_1'...
INFO: [USF-XSim-97] Finding global include files...
INFO: [USF-XSim-100] Fetching design files from 'sources_1'...(this may take a while)...
INFO: [USF-XSim-101] Fetching design files from 'sim_1'...
INFO: [USF-XSim-2] XSim::Compile design
INFO: [USF-XSim-61] Executing 'COMPILE and ANALYZE' step in 'C:/Users/walto/Desktop/School/2020-Fall/COMPE-470/Project/Verilog_Project/remote_pwm.sim/sim_1/behav/xsim'
"xvlog --incr --relax -prj tb_SSPI_vlog.prj"
INFO: [VRFC 10-2263] Analyzing Verilog file "C:/Users/walto/Desktop/School/2020-Fall/COMPE-470/Project/Verilog_Project/remote_pwm.srcs/sources_1/new/MSPI.v" into library xil_defaultlib
INFO: [VRFC 10-311] analyzing module MSPI
INFO: [VRFC 10-2263] Analyzing Verilog file "C:/Users/walto/Desktop/School/2020-Fall/COMPE-470/Project/Verilog_Project/remote_pwm.srcs/sources_1/new/SSPI.v" into library xil_defaultlib
INFO: [VRFC 10-311] analyzing module SSPI
INFO: [VRFC 10-2263] Analyzing Verilog file "C:/Users/walto/Desktop/School/2020-Fall/COMPE-470/Project/Verilog_Project/remote_pwm.srcs/sources_1/new/PWM.v" into library xil_defaultlib
INFO: [VRFC 10-311] analyzing module PWM
INFO: [VRFC 10-2263] Analyzing Verilog file "C:/Users/walto/Desktop/School/2020-Fall/COMPE-470/Project/Verilog_Project/remote_pwm.srcs/sim_1/new/tb_PWM.v" into library xil_defaultlib
INFO: [VRFC 10-311] analyzing module tb_PWM
INFO: [VRFC 10-2263] Analyzing Verilog file "C:/Users/walto/Desktop/School/2020-Fall/COMPE-470/Project/Verilog_Project/remote_pwm.srcs/sim_1/new/tb_MSPI.v" into library xil_defaultlib
INFO: [VRFC 10-311] analyzing module tb_MSPI
INFO: [VRFC 10-2263] Analyzing Verilog file "C:/Users/walto/Desktop/School/2020-Fall/COMPE-470/Project/Verilog_Project/remote_pwm.srcs/sim_1/new/tb_SSPI.v" into library xil_defaultlib
INFO: [VRFC 10-311] analyzing module tb_SSPI
INFO: [VRFC 10-2263] Analyzing Verilog file "C:/Users/walto/Desktop/School/2020-Fall/COMPE-470/Project/Verilog_Project/remote_pwm.srcs/sim_1/new/tb_MAIN.v" into library xil_defaultlib
INFO: [VRFC 10-311] analyzing module tb_MAIN
INFO: [USF-XSim-69] 'compile' step finished in '2' seconds
INFO: [USF-XSim-3] XSim::Elaborate design
INFO: [USF-XSim-61] Executing 'ELABORATE' step in 'C:/Users/walto/Desktop/School/2020-Fall/COMPE-470/Project/Verilog_Project/remote_pwm.sim/sim_1/behav/xsim'
"xelab -wto 083e3abf12c84338b4f409d41b00dd78 --incr --debug typical --relax --mt 2 -L xil_defaultlib -L unisims_ver -L unimacro_ver -L secureip --snapshot tb_SSPI_behav xil_defaultlib.tb_SSPI xil_defaultlib.glbl -log elaborate.log"
Vivado Simulator 2020.1
Copyright 1986-1999, 2001-2020 Xilinx, Inc. All Rights Reserved.
Running: C:/Xilinx/Vivado/2020.1/bin/unwrapped/win64.o/xelab.exe -wto 083e3abf12c84338b4f409d41b00dd78 --incr --debug typical --relax --mt 2 -L xil_defaultlib -L unisims_ver -L unimacro_ver -L secureip --snapshot tb_SSPI_behav xil_defaultlib.tb_SSPI xil_defaultlib.glbl -log elaborate.log 
Using 2 slave threads.
Starting static elaboration
Pass Through NonSizing Optimizer
WARNING: [VRFC 10-3091] actual bit length 3 differs from formal bit length 4 for port 'COUNT' [C:/Users/walto/Desktop/School/2020-Fall/COMPE-470/Project/Verilog_Project/remote_pwm.srcs/sim_1/new/tb_SSPI.v:12]
Completed static elaboration
Starting simulation data flow analysis
WARNING: [XSIM 43-4099] "C:/Users/walto/Desktop/School/2020-Fall/COMPE-470/Project/Verilog_Project/remote_pwm.srcs/sources_1/new/SSPI.v" Line 1. Module SSPI doesn't have a timescale but at least one module in design has a timescale.
WARNING: [XSIM 43-4099] "C:/Users/walto/Desktop/School/2020-Fall/COMPE-470/Project/Verilog_Project/remote_pwm.srcs/sources_1/new/SSPI.v" Line 1. Module SSPI doesn't have a timescale but at least one module in design has a timescale.
Completed simulation data flow analysis
Time Resolution for simulation is 1ps
Compiling module xil_defaultlib.SSPI
Compiling module xil_defaultlib.tb_SSPI
Compiling module xil_defaultlib.glbl
Built simulation snapshot tb_SSPI_behav
INFO: [USF-XSim-69] 'elaborate' step finished in '1' seconds
INFO: [USF-XSim-4] XSim::Simulate design
INFO: [USF-XSim-61] Executing 'SIMULATE' step in 'C:/Users/walto/Desktop/School/2020-Fall/COMPE-470/Project/Verilog_Project/remote_pwm.sim/sim_1/behav/xsim'
INFO: [USF-XSim-98] *** Running xsim
   with args "tb_SSPI_behav -key {Behavioral:sim_1:Functional:tb_SSPI} -tclbatch {tb_SSPI.tcl} -log {simulate.log}"
INFO: [USF-XSim-8] Loading simulator feature
Vivado Simulator 2020.1
Time resolution is 1 ps
source tb_SSPI.tcl
# set curr_wave [current_wave_config]
# if { [string length $curr_wave] == 0 } {
#   if { [llength [get_objects]] > 0} {
#     add_wave /
#     set_property needs_save false [current_wave_config]
#   } else {
#      send_msg_id Add_Wave-1 WARNING "No top level signals found. Simulator will start without a wave window. If you want to open a wave window go to 'File->New Waveform Configuration' or type 'create_wave_config' in the TCL console."
#   }
# }
# run 2000ns
$finish called at time : 350 ns : File "C:/Users/walto/Desktop/School/2020-Fall/COMPE-470/Project/Verilog_Project/remote_pwm.srcs/sim_1/new/tb_SSPI.v" Line 35
INFO: [USF-XSim-96] XSim completed. Design snapshot 'tb_SSPI_behav' loaded.
INFO: [USF-XSim-97] XSim simulation ran for 2000ns
launch_simulation: Time (s): cpu = 00:00:04 ; elapsed = 00:00:06 . Memory (MB): peak = 1061.441 ; gain = 0.000
close_sim
INFO: [Simtcl 6-16] Simulation closed
set_property top tb_PWM [get_filesets sim_1]
set_property top_lib xil_defaultlib [get_filesets sim_1]
launch_simulation
Command: launch_simulation 
INFO: [Vivado 12-5682] Launching behavioral simulation in 'C:/Users/walto/Desktop/School/2020-Fall/COMPE-470/Project/Verilog_Project/remote_pwm.sim/sim_1/behav/xsim'
INFO: [SIM-utils-51] Simulation object is 'sim_1'
INFO: [SIM-utils-54] Inspecting design source files for 'tb_PWM' in fileset 'sim_1'...
INFO: [USF-XSim-97] Finding global include files...
INFO: [USF-XSim-100] Fetching design files from 'sources_1'...(this may take a while)...
INFO: [USF-XSim-101] Fetching design files from 'sim_1'...
INFO: [USF-XSim-2] XSim::Compile design
INFO: [USF-XSim-61] Executing 'COMPILE and ANALYZE' step in 'C:/Users/walto/Desktop/School/2020-Fall/COMPE-470/Project/Verilog_Project/remote_pwm.sim/sim_1/behav/xsim'
"xvlog --incr --relax -prj tb_PWM_vlog.prj"
INFO: [VRFC 10-2263] Analyzing Verilog file "C:/Users/walto/Desktop/School/2020-Fall/COMPE-470/Project/Verilog_Project/remote_pwm.srcs/sources_1/new/MSPI.v" into library xil_defaultlib
INFO: [VRFC 10-311] analyzing module MSPI
INFO: [VRFC 10-2263] Analyzing Verilog file "C:/Users/walto/Desktop/School/2020-Fall/COMPE-470/Project/Verilog_Project/remote_pwm.srcs/sources_1/new/SSPI.v" into library xil_defaultlib
INFO: [VRFC 10-311] analyzing module SSPI
INFO: [VRFC 10-2263] Analyzing Verilog file "C:/Users/walto/Desktop/School/2020-Fall/COMPE-470/Project/Verilog_Project/remote_pwm.srcs/sources_1/new/PWM.v" into library xil_defaultlib
INFO: [VRFC 10-311] analyzing module PWM
INFO: [VRFC 10-2263] Analyzing Verilog file "C:/Users/walto/Desktop/School/2020-Fall/COMPE-470/Project/Verilog_Project/remote_pwm.srcs/sim_1/new/tb_PWM.v" into library xil_defaultlib
INFO: [VRFC 10-311] analyzing module tb_PWM
INFO: [VRFC 10-2263] Analyzing Verilog file "C:/Users/walto/Desktop/School/2020-Fall/COMPE-470/Project/Verilog_Project/remote_pwm.srcs/sim_1/new/tb_MSPI.v" into library xil_defaultlib
INFO: [VRFC 10-311] analyzing module tb_MSPI
INFO: [VRFC 10-2263] Analyzing Verilog file "C:/Users/walto/Desktop/School/2020-Fall/COMPE-470/Project/Verilog_Project/remote_pwm.srcs/sim_1/new/tb_SSPI.v" into library xil_defaultlib
INFO: [VRFC 10-311] analyzing module tb_SSPI
INFO: [VRFC 10-2263] Analyzing Verilog file "C:/Users/walto/Desktop/School/2020-Fall/COMPE-470/Project/Verilog_Project/remote_pwm.srcs/sim_1/new/tb_MAIN.v" into library xil_defaultlib
INFO: [VRFC 10-311] analyzing module tb_MAIN
INFO: [USF-XSim-69] 'compile' step finished in '1' seconds
INFO: [USF-XSim-3] XSim::Elaborate design
INFO: [USF-XSim-61] Executing 'ELABORATE' step in 'C:/Users/walto/Desktop/School/2020-Fall/COMPE-470/Project/Verilog_Project/remote_pwm.sim/sim_1/behav/xsim'
"xelab -wto 083e3abf12c84338b4f409d41b00dd78 --incr --debug typical --relax --mt 2 -L xil_defaultlib -L unisims_ver -L unimacro_ver -L secureip --snapshot tb_PWM_behav xil_defaultlib.tb_PWM xil_defaultlib.glbl -log elaborate.log"
Vivado Simulator 2020.1
Copyright 1986-1999, 2001-2020 Xilinx, Inc. All Rights Reserved.
Running: C:/Xilinx/Vivado/2020.1/bin/unwrapped/win64.o/xelab.exe -wto 083e3abf12c84338b4f409d41b00dd78 --incr --debug typical --relax --mt 2 -L xil_defaultlib -L unisims_ver -L unimacro_ver -L secureip --snapshot tb_PWM_behav xil_defaultlib.tb_PWM xil_defaultlib.glbl -log elaborate.log 
Using 2 slave threads.
Starting static elaboration
Pass Through NonSizing Optimizer
Completed static elaboration
Starting simulation data flow analysis
WARNING: [XSIM 43-4099] "C:/Users/walto/Desktop/School/2020-Fall/COMPE-470/Project/Verilog_Project/remote_pwm.srcs/sources_1/new/PWM.v" Line 1. Module PWM doesn't have a timescale but at least one module in design has a timescale.
WARNING: [XSIM 43-4099] "C:/Users/walto/Desktop/School/2020-Fall/COMPE-470/Project/Verilog_Project/remote_pwm.srcs/sources_1/new/PWM.v" Line 1. Module PWM doesn't have a timescale but at least one module in design has a timescale.
Completed simulation data flow analysis
Time Resolution for simulation is 1ps
Compiling module xil_defaultlib.PWM
Compiling module xil_defaultlib.tb_PWM
Compiling module xil_defaultlib.glbl
Built simulation snapshot tb_PWM_behav

****** Webtalk v2020.1 (64-bit)
  **** SW Build 2902540 on Wed May 27 19:54:49 MDT 2020
  **** IP Build 2902112 on Wed May 27 22:43:36 MDT 2020
    ** Copyright 1986-2020 Xilinx, Inc. All Rights Reserved.

source C:/Users/walto/Desktop/School/2020-Fall/COMPE-470/Project/Verilog_Project/remote_pwm.sim/sim_1/behav/xsim/xsim.dir/tb_PWM_behav/webtalk/xsim_webtalk.tcl -notrace
INFO: [Common 17-206] Exiting Webtalk at Fri Dec  4 23:32:21 2020...
INFO: [USF-XSim-69] 'elaborate' step finished in '3' seconds
INFO: [USF-XSim-4] XSim::Simulate design
INFO: [USF-XSim-61] Executing 'SIMULATE' step in 'C:/Users/walto/Desktop/School/2020-Fall/COMPE-470/Project/Verilog_Project/remote_pwm.sim/sim_1/behav/xsim'
INFO: [USF-XSim-98] *** Running xsim
   with args "tb_PWM_behav -key {Behavioral:sim_1:Functional:tb_PWM} -tclbatch {tb_PWM.tcl} -log {simulate.log}"
INFO: [USF-XSim-8] Loading simulator feature
Vivado Simulator 2020.1
Time resolution is 1 ps
source tb_PWM.tcl
# set curr_wave [current_wave_config]
# if { [string length $curr_wave] == 0 } {
#   if { [llength [get_objects]] > 0} {
#     add_wave /
#     set_property needs_save false [current_wave_config]
#   } else {
#      send_msg_id Add_Wave-1 WARNING "No top level signals found. Simulator will start without a wave window. If you want to open a wave window go to 'File->New Waveform Configuration' or type 'create_wave_config' in the TCL console."
#   }
# }
# run 2000ns
$finish called at time : 1343 ns : File "C:/Users/walto/Desktop/School/2020-Fall/COMPE-470/Project/Verilog_Project/remote_pwm.srcs/sim_1/new/tb_PWM.v" Line 36
INFO: [USF-XSim-96] XSim completed. Design snapshot 'tb_PWM_behav' loaded.
INFO: [USF-XSim-97] XSim simulation ran for 2000ns
launch_simulation: Time (s): cpu = 00:00:04 ; elapsed = 00:00:07 . Memory (MB): peak = 1061.441 ; gain = 0.000
close_sim
INFO: [Simtcl 6-16] Simulation closed
set_property top tb_MAIN [get_filesets sim_1]
set_property top_lib xil_defaultlib [get_filesets sim_1]
launch_simulation
Command: launch_simulation 
INFO: [Vivado 12-5682] Launching behavioral simulation in 'C:/Users/walto/Desktop/School/2020-Fall/COMPE-470/Project/Verilog_Project/remote_pwm.sim/sim_1/behav/xsim'
INFO: [SIM-utils-51] Simulation object is 'sim_1'
INFO: [SIM-utils-54] Inspecting design source files for 'tb_MAIN' in fileset 'sim_1'...
INFO: [USF-XSim-97] Finding global include files...
INFO: [USF-XSim-100] Fetching design files from 'sources_1'...(this may take a while)...
INFO: [USF-XSim-101] Fetching design files from 'sim_1'...
INFO: [USF-XSim-2] XSim::Compile design
INFO: [USF-XSim-61] Executing 'COMPILE and ANALYZE' step in 'C:/Users/walto/Desktop/School/2020-Fall/COMPE-470/Project/Verilog_Project/remote_pwm.sim/sim_1/behav/xsim'
"xvlog --incr --relax -prj tb_MAIN_vlog.prj"
INFO: [VRFC 10-2263] Analyzing Verilog file "C:/Users/walto/Desktop/School/2020-Fall/COMPE-470/Project/Verilog_Project/remote_pwm.srcs/sources_1/new/MSPI.v" into library xil_defaultlib
INFO: [VRFC 10-311] analyzing module MSPI
INFO: [VRFC 10-2263] Analyzing Verilog file "C:/Users/walto/Desktop/School/2020-Fall/COMPE-470/Project/Verilog_Project/remote_pwm.srcs/sources_1/new/SSPI.v" into library xil_defaultlib
INFO: [VRFC 10-311] analyzing module SSPI
INFO: [VRFC 10-2263] Analyzing Verilog file "C:/Users/walto/Desktop/School/2020-Fall/COMPE-470/Project/Verilog_Project/remote_pwm.srcs/sources_1/new/PWM.v" into library xil_defaultlib
INFO: [VRFC 10-311] analyzing module PWM
INFO: [VRFC 10-2263] Analyzing Verilog file "C:/Users/walto/Desktop/School/2020-Fall/COMPE-470/Project/Verilog_Project/remote_pwm.srcs/sim_1/new/tb_PWM.v" into library xil_defaultlib
INFO: [VRFC 10-311] analyzing module tb_PWM
INFO: [VRFC 10-2263] Analyzing Verilog file "C:/Users/walto/Desktop/School/2020-Fall/COMPE-470/Project/Verilog_Project/remote_pwm.srcs/sim_1/new/tb_MSPI.v" into library xil_defaultlib
INFO: [VRFC 10-311] analyzing module tb_MSPI
INFO: [VRFC 10-2263] Analyzing Verilog file "C:/Users/walto/Desktop/School/2020-Fall/COMPE-470/Project/Verilog_Project/remote_pwm.srcs/sim_1/new/tb_SSPI.v" into library xil_defaultlib
INFO: [VRFC 10-311] analyzing module tb_SSPI
INFO: [VRFC 10-2263] Analyzing Verilog file "C:/Users/walto/Desktop/School/2020-Fall/COMPE-470/Project/Verilog_Project/remote_pwm.srcs/sim_1/new/tb_MAIN.v" into library xil_defaultlib
INFO: [VRFC 10-311] analyzing module tb_MAIN
INFO: [USF-XSim-69] 'compile' step finished in '1' seconds
INFO: [USF-XSim-3] XSim::Elaborate design
INFO: [USF-XSim-61] Executing 'ELABORATE' step in 'C:/Users/walto/Desktop/School/2020-Fall/COMPE-470/Project/Verilog_Project/remote_pwm.sim/sim_1/behav/xsim'
"xelab -wto 083e3abf12c84338b4f409d41b00dd78 --incr --debug typical --relax --mt 2 -L xil_defaultlib -L unisims_ver -L unimacro_ver -L secureip --snapshot tb_MAIN_behav xil_defaultlib.tb_MAIN xil_defaultlib.glbl -log elaborate.log"
Vivado Simulator 2020.1
Copyright 1986-1999, 2001-2020 Xilinx, Inc. All Rights Reserved.
Running: C:/Xilinx/Vivado/2020.1/bin/unwrapped/win64.o/xelab.exe -wto 083e3abf12c84338b4f409d41b00dd78 --incr --debug typical --relax --mt 2 -L xil_defaultlib -L unisims_ver -L unimacro_ver -L secureip --snapshot tb_MAIN_behav xil_defaultlib.tb_MAIN xil_defaultlib.glbl -log elaborate.log 
Using 2 slave threads.
Starting static elaboration
Pass Through NonSizing Optimizer
Completed static elaboration
Starting simulation data flow analysis
WARNING: [XSIM 43-4099] "C:/Users/walto/Desktop/School/2020-Fall/COMPE-470/Project/Verilog_Project/remote_pwm.srcs/sources_1/new/MSPI.v" Line 1. Module MSPI doesn't have a timescale but at least one module in design has a timescale.
WARNING: [XSIM 43-4099] "C:/Users/walto/Desktop/School/2020-Fall/COMPE-470/Project/Verilog_Project/remote_pwm.srcs/sources_1/new/SSPI.v" Line 1. Module SSPI doesn't have a timescale but at least one module in design has a timescale.
WARNING: [XSIM 43-4099] "C:/Users/walto/Desktop/School/2020-Fall/COMPE-470/Project/Verilog_Project/remote_pwm.srcs/sources_1/new/PWM.v" Line 1. Module PWM doesn't have a timescale but at least one module in design has a timescale.
WARNING: [XSIM 43-4099] "C:/Users/walto/Desktop/School/2020-Fall/COMPE-470/Project/Verilog_Project/remote_pwm.srcs/sources_1/new/SSPI.v" Line 1. Module SSPI doesn't have a timescale but at least one module in design has a timescale.
WARNING: [XSIM 43-4099] "C:/Users/walto/Desktop/School/2020-Fall/COMPE-470/Project/Verilog_Project/remote_pwm.srcs/sources_1/new/PWM.v" Line 1. Module PWM doesn't have a timescale but at least one module in design has a timescale.
WARNING: [XSIM 43-4099] "C:/Users/walto/Desktop/School/2020-Fall/COMPE-470/Project/Verilog_Project/remote_pwm.srcs/sources_1/new/MSPI.v" Line 1. Module MSPI doesn't have a timescale but at least one module in design has a timescale.
WARNING: [XSIM 43-4099] "C:/Users/walto/Desktop/School/2020-Fall/COMPE-470/Project/Verilog_Project/remote_pwm.srcs/sources_1/new/SSPI.v" Line 1. Module SSPI doesn't have a timescale but at least one module in design has a timescale.
WARNING: [XSIM 43-4099] "C:/Users/walto/Desktop/School/2020-Fall/COMPE-470/Project/Verilog_Project/remote_pwm.srcs/sources_1/new/PWM.v" Line 1. Module PWM doesn't have a timescale but at least one module in design has a timescale.
WARNING: [XSIM 43-4099] "C:/Users/walto/Desktop/School/2020-Fall/COMPE-470/Project/Verilog_Project/remote_pwm.srcs/sources_1/new/SSPI.v" Line 1. Module SSPI doesn't have a timescale but at least one module in design has a timescale.
WARNING: [XSIM 43-4099] "C:/Users/walto/Desktop/School/2020-Fall/COMPE-470/Project/Verilog_Project/remote_pwm.srcs/sources_1/new/PWM.v" Line 1. Module PWM doesn't have a timescale but at least one module in design has a timescale.
Completed simulation data flow analysis
Time Resolution for simulation is 1ps
Compiling module xil_defaultlib.MSPI
Compiling module xil_defaultlib.SSPI
Compiling module xil_defaultlib.PWM
Compiling module xil_defaultlib.tb_MAIN
Compiling module xil_defaultlib.glbl
Built simulation snapshot tb_MAIN_behav
INFO: [USF-XSim-69] 'elaborate' step finished in '2' seconds
INFO: [USF-XSim-4] XSim::Simulate design
INFO: [USF-XSim-61] Executing 'SIMULATE' step in 'C:/Users/walto/Desktop/School/2020-Fall/COMPE-470/Project/Verilog_Project/remote_pwm.sim/sim_1/behav/xsim'
INFO: [USF-XSim-98] *** Running xsim
   with args "tb_MAIN_behav -key {Behavioral:sim_1:Functional:tb_MAIN} -tclbatch {tb_MAIN.tcl} -log {simulate.log}"
INFO: [USF-XSim-8] Loading simulator feature
Vivado Simulator 2020.1
Time resolution is 1 ps
source tb_MAIN.tcl
# set curr_wave [current_wave_config]
# if { [string length $curr_wave] == 0 } {
#   if { [llength [get_objects]] > 0} {
#     add_wave /
#     set_property needs_save false [current_wave_config]
#   } else {
#      send_msg_id Add_Wave-1 WARNING "No top level signals found. Simulator will start without a wave window. If you want to open a wave window go to 'File->New Waveform Configuration' or type 'create_wave_config' in the TCL console."
#   }
# }
# run 2000ns
$finish called at time : 1490 ns : File "C:/Users/walto/Desktop/School/2020-Fall/COMPE-470/Project/Verilog_Project/remote_pwm.srcs/sim_1/new/tb_MAIN.v" Line 66
INFO: [USF-XSim-96] XSim completed. Design snapshot 'tb_MAIN_behav' loaded.
INFO: [USF-XSim-97] XSim simulation ran for 2000ns
launch_simulation: Time (s): cpu = 00:00:03 ; elapsed = 00:00:06 . Memory (MB): peak = 1061.441 ; gain = 0.000
close_sim
INFO: [Simtcl 6-16] Simulation closed
launch_simulation
Command: launch_simulation 
INFO: [Vivado 12-5682] Launching behavioral simulation in 'C:/Users/walto/Desktop/School/2020-Fall/COMPE-470/Project/Verilog_Project/remote_pwm.sim/sim_1/behav/xsim'
INFO: [SIM-utils-51] Simulation object is 'sim_1'
INFO: [SIM-utils-54] Inspecting design source files for 'tb_MAIN' in fileset 'sim_1'...
INFO: [USF-XSim-97] Finding global include files...
INFO: [USF-XSim-100] Fetching design files from 'sources_1'...(this may take a while)...
INFO: [USF-XSim-101] Fetching design files from 'sim_1'...
INFO: [USF-XSim-2] XSim::Compile design
INFO: [USF-XSim-61] Executing 'COMPILE and ANALYZE' step in 'C:/Users/walto/Desktop/School/2020-Fall/COMPE-470/Project/Verilog_Project/remote_pwm.sim/sim_1/behav/xsim'
"xvlog --incr --relax -prj tb_MAIN_vlog.prj"
INFO: [VRFC 10-2263] Analyzing Verilog file "C:/Users/walto/Desktop/School/2020-Fall/COMPE-470/Project/Verilog_Project/remote_pwm.srcs/sources_1/new/MSPI.v" into library xil_defaultlib
INFO: [VRFC 10-311] analyzing module MSPI
INFO: [VRFC 10-2263] Analyzing Verilog file "C:/Users/walto/Desktop/School/2020-Fall/COMPE-470/Project/Verilog_Project/remote_pwm.srcs/sources_1/new/SSPI.v" into library xil_defaultlib
INFO: [VRFC 10-311] analyzing module SSPI
INFO: [VRFC 10-2263] Analyzing Verilog file "C:/Users/walto/Desktop/School/2020-Fall/COMPE-470/Project/Verilog_Project/remote_pwm.srcs/sources_1/new/PWM.v" into library xil_defaultlib
INFO: [VRFC 10-311] analyzing module PWM
INFO: [VRFC 10-2263] Analyzing Verilog file "C:/Users/walto/Desktop/School/2020-Fall/COMPE-470/Project/Verilog_Project/remote_pwm.srcs/sim_1/new/tb_PWM.v" into library xil_defaultlib
INFO: [VRFC 10-311] analyzing module tb_PWM
INFO: [VRFC 10-2263] Analyzing Verilog file "C:/Users/walto/Desktop/School/2020-Fall/COMPE-470/Project/Verilog_Project/remote_pwm.srcs/sim_1/new/tb_MSPI.v" into library xil_defaultlib
INFO: [VRFC 10-311] analyzing module tb_MSPI
INFO: [VRFC 10-2263] Analyzing Verilog file "C:/Users/walto/Desktop/School/2020-Fall/COMPE-470/Project/Verilog_Project/remote_pwm.srcs/sim_1/new/tb_SSPI.v" into library xil_defaultlib
INFO: [VRFC 10-311] analyzing module tb_SSPI
INFO: [VRFC 10-2263] Analyzing Verilog file "C:/Users/walto/Desktop/School/2020-Fall/COMPE-470/Project/Verilog_Project/remote_pwm.srcs/sim_1/new/tb_MAIN.v" into library xil_defaultlib
INFO: [VRFC 10-311] analyzing module tb_MAIN
INFO: [USF-XSim-69] 'compile' step finished in '1' seconds
INFO: [USF-XSim-3] XSim::Elaborate design
INFO: [USF-XSim-61] Executing 'ELABORATE' step in 'C:/Users/walto/Desktop/School/2020-Fall/COMPE-470/Project/Verilog_Project/remote_pwm.sim/sim_1/behav/xsim'
"xelab -wto 083e3abf12c84338b4f409d41b00dd78 --incr --debug typical --relax --mt 2 -L xil_defaultlib -L unisims_ver -L unimacro_ver -L secureip --snapshot tb_MAIN_behav xil_defaultlib.tb_MAIN xil_defaultlib.glbl -log elaborate.log"
Vivado Simulator 2020.1
Copyright 1986-1999, 2001-2020 Xilinx, Inc. All Rights Reserved.
Running: C:/Xilinx/Vivado/2020.1/bin/unwrapped/win64.o/xelab.exe -wto 083e3abf12c84338b4f409d41b00dd78 --incr --debug typical --relax --mt 2 -L xil_defaultlib -L unisims_ver -L unimacro_ver -L secureip --snapshot tb_MAIN_behav xil_defaultlib.tb_MAIN xil_defaultlib.glbl -log elaborate.log 
Using 2 slave threads.
Starting static elaboration
Pass Through NonSizing Optimizer
Completed static elaboration
Starting simulation data flow analysis
WARNING: [XSIM 43-4099] "C:/Users/walto/Desktop/School/2020-Fall/COMPE-470/Project/Verilog_Project/remote_pwm.srcs/sources_1/new/MSPI.v" Line 1. Module MSPI doesn't have a timescale but at least one module in design has a timescale.
WARNING: [XSIM 43-4099] "C:/Users/walto/Desktop/School/2020-Fall/COMPE-470/Project/Verilog_Project/remote_pwm.srcs/sources_1/new/SSPI.v" Line 1. Module SSPI doesn't have a timescale but at least one module in design has a timescale.
WARNING: [XSIM 43-4099] "C:/Users/walto/Desktop/School/2020-Fall/COMPE-470/Project/Verilog_Project/remote_pwm.srcs/sources_1/new/PWM.v" Line 1. Module PWM doesn't have a timescale but at least one module in design has a timescale.
WARNING: [XSIM 43-4099] "C:/Users/walto/Desktop/School/2020-Fall/COMPE-470/Project/Verilog_Project/remote_pwm.srcs/sources_1/new/SSPI.v" Line 1. Module SSPI doesn't have a timescale but at least one module in design has a timescale.
WARNING: [XSIM 43-4099] "C:/Users/walto/Desktop/School/2020-Fall/COMPE-470/Project/Verilog_Project/remote_pwm.srcs/sources_1/new/PWM.v" Line 1. Module PWM doesn't have a timescale but at least one module in design has a timescale.
WARNING: [XSIM 43-4099] "C:/Users/walto/Desktop/School/2020-Fall/COMPE-470/Project/Verilog_Project/remote_pwm.srcs/sources_1/new/MSPI.v" Line 1. Module MSPI doesn't have a timescale but at least one module in design has a timescale.
WARNING: [XSIM 43-4099] "C:/Users/walto/Desktop/School/2020-Fall/COMPE-470/Project/Verilog_Project/remote_pwm.srcs/sources_1/new/SSPI.v" Line 1. Module SSPI doesn't have a timescale but at least one module in design has a timescale.
WARNING: [XSIM 43-4099] "C:/Users/walto/Desktop/School/2020-Fall/COMPE-470/Project/Verilog_Project/remote_pwm.srcs/sources_1/new/PWM.v" Line 1. Module PWM doesn't have a timescale but at least one module in design has a timescale.
WARNING: [XSIM 43-4099] "C:/Users/walto/Desktop/School/2020-Fall/COMPE-470/Project/Verilog_Project/remote_pwm.srcs/sources_1/new/SSPI.v" Line 1. Module SSPI doesn't have a timescale but at least one module in design has a timescale.
WARNING: [XSIM 43-4099] "C:/Users/walto/Desktop/School/2020-Fall/COMPE-470/Project/Verilog_Project/remote_pwm.srcs/sources_1/new/PWM.v" Line 1. Module PWM doesn't have a timescale but at least one module in design has a timescale.
Completed simulation data flow analysis
Time Resolution for simulation is 1ps
Compiling module xil_defaultlib.MSPI
Compiling module xil_defaultlib.SSPI
Compiling module xil_defaultlib.PWM
Compiling module xil_defaultlib.tb_MAIN
Compiling module xil_defaultlib.glbl
Built simulation snapshot tb_MAIN_behav
INFO: [USF-XSim-69] 'elaborate' step finished in '2' seconds
INFO: [USF-XSim-4] XSim::Simulate design
INFO: [USF-XSim-61] Executing 'SIMULATE' step in 'C:/Users/walto/Desktop/School/2020-Fall/COMPE-470/Project/Verilog_Project/remote_pwm.sim/sim_1/behav/xsim'
INFO: [USF-XSim-98] *** Running xsim
   with args "tb_MAIN_behav -key {Behavioral:sim_1:Functional:tb_MAIN} -tclbatch {tb_MAIN.tcl} -log {simulate.log}"
INFO: [USF-XSim-8] Loading simulator feature
Vivado Simulator 2020.1
Time resolution is 1 ps
source tb_MAIN.tcl
# set curr_wave [current_wave_config]
# if { [string length $curr_wave] == 0 } {
#   if { [llength [get_objects]] > 0} {
#     add_wave /
#     set_property needs_save false [current_wave_config]
#   } else {
#      send_msg_id Add_Wave-1 WARNING "No top level signals found. Simulator will start without a wave window. If you want to open a wave window go to 'File->New Waveform Configuration' or type 'create_wave_config' in the TCL console."
#   }
# }
# run 2000ns
INFO: [USF-XSim-96] XSim completed. Design snapshot 'tb_MAIN_behav' loaded.
INFO: [USF-XSim-97] XSim simulation ran for 2000ns
launch_simulation: Time (s): cpu = 00:00:04 ; elapsed = 00:00:06 . Memory (MB): peak = 1061.441 ; gain = 0.000
close_sim
INFO: [Simtcl 6-16] Simulation closed
launch_simulation
Command: launch_simulation 
INFO: [Vivado 12-5682] Launching behavioral simulation in 'C:/Users/walto/Desktop/School/2020-Fall/COMPE-470/Project/Verilog_Project/remote_pwm.sim/sim_1/behav/xsim'
INFO: [SIM-utils-51] Simulation object is 'sim_1'
INFO: [SIM-utils-54] Inspecting design source files for 'tb_MAIN' in fileset 'sim_1'...
INFO: [USF-XSim-97] Finding global include files...
INFO: [USF-XSim-100] Fetching design files from 'sources_1'...(this may take a while)...
INFO: [USF-XSim-101] Fetching design files from 'sim_1'...
INFO: [USF-XSim-2] XSim::Compile design
INFO: [USF-XSim-61] Executing 'COMPILE and ANALYZE' step in 'C:/Users/walto/Desktop/School/2020-Fall/COMPE-470/Project/Verilog_Project/remote_pwm.sim/sim_1/behav/xsim'
"xvlog --incr --relax -prj tb_MAIN_vlog.prj"
INFO: [VRFC 10-2263] Analyzing Verilog file "C:/Users/walto/Desktop/School/2020-Fall/COMPE-470/Project/Verilog_Project/remote_pwm.srcs/sources_1/new/MSPI.v" into library xil_defaultlib
INFO: [VRFC 10-311] analyzing module MSPI
INFO: [VRFC 10-2263] Analyzing Verilog file "C:/Users/walto/Desktop/School/2020-Fall/COMPE-470/Project/Verilog_Project/remote_pwm.srcs/sources_1/new/SSPI.v" into library xil_defaultlib
INFO: [VRFC 10-311] analyzing module SSPI
INFO: [VRFC 10-2263] Analyzing Verilog file "C:/Users/walto/Desktop/School/2020-Fall/COMPE-470/Project/Verilog_Project/remote_pwm.srcs/sources_1/new/PWM.v" into library xil_defaultlib
INFO: [VRFC 10-311] analyzing module PWM
INFO: [VRFC 10-2263] Analyzing Verilog file "C:/Users/walto/Desktop/School/2020-Fall/COMPE-470/Project/Verilog_Project/remote_pwm.srcs/sim_1/new/tb_PWM.v" into library xil_defaultlib
INFO: [VRFC 10-311] analyzing module tb_PWM
INFO: [VRFC 10-2263] Analyzing Verilog file "C:/Users/walto/Desktop/School/2020-Fall/COMPE-470/Project/Verilog_Project/remote_pwm.srcs/sim_1/new/tb_MSPI.v" into library xil_defaultlib
INFO: [VRFC 10-311] analyzing module tb_MSPI
INFO: [VRFC 10-2263] Analyzing Verilog file "C:/Users/walto/Desktop/School/2020-Fall/COMPE-470/Project/Verilog_Project/remote_pwm.srcs/sim_1/new/tb_SSPI.v" into library xil_defaultlib
INFO: [VRFC 10-311] analyzing module tb_SSPI
INFO: [VRFC 10-2263] Analyzing Verilog file "C:/Users/walto/Desktop/School/2020-Fall/COMPE-470/Project/Verilog_Project/remote_pwm.srcs/sim_1/new/tb_MAIN.v" into library xil_defaultlib
INFO: [VRFC 10-311] analyzing module tb_MAIN
INFO: [USF-XSim-69] 'compile' step finished in '1' seconds
INFO: [USF-XSim-3] XSim::Elaborate design
INFO: [USF-XSim-61] Executing 'ELABORATE' step in 'C:/Users/walto/Desktop/School/2020-Fall/COMPE-470/Project/Verilog_Project/remote_pwm.sim/sim_1/behav/xsim'
"xelab -wto 083e3abf12c84338b4f409d41b00dd78 --incr --debug typical --relax --mt 2 -L xil_defaultlib -L unisims_ver -L unimacro_ver -L secureip --snapshot tb_MAIN_behav xil_defaultlib.tb_MAIN xil_defaultlib.glbl -log elaborate.log"
Vivado Simulator 2020.1
Copyright 1986-1999, 2001-2020 Xilinx, Inc. All Rights Reserved.
Running: C:/Xilinx/Vivado/2020.1/bin/unwrapped/win64.o/xelab.exe -wto 083e3abf12c84338b4f409d41b00dd78 --incr --debug typical --relax --mt 2 -L xil_defaultlib -L unisims_ver -L unimacro_ver -L secureip --snapshot tb_MAIN_behav xil_defaultlib.tb_MAIN xil_defaultlib.glbl -log elaborate.log 
Using 2 slave threads.
Starting static elaboration
Pass Through NonSizing Optimizer
Completed static elaboration
Starting simulation data flow analysis
WARNING: [XSIM 43-4099] "C:/Users/walto/Desktop/School/2020-Fall/COMPE-470/Project/Verilog_Project/remote_pwm.srcs/sources_1/new/MSPI.v" Line 1. Module MSPI doesn't have a timescale but at least one module in design has a timescale.
WARNING: [XSIM 43-4099] "C:/Users/walto/Desktop/School/2020-Fall/COMPE-470/Project/Verilog_Project/remote_pwm.srcs/sources_1/new/SSPI.v" Line 1. Module SSPI doesn't have a timescale but at least one module in design has a timescale.
WARNING: [XSIM 43-4099] "C:/Users/walto/Desktop/School/2020-Fall/COMPE-470/Project/Verilog_Project/remote_pwm.srcs/sources_1/new/PWM.v" Line 1. Module PWM doesn't have a timescale but at least one module in design has a timescale.
WARNING: [XSIM 43-4099] "C:/Users/walto/Desktop/School/2020-Fall/COMPE-470/Project/Verilog_Project/remote_pwm.srcs/sources_1/new/SSPI.v" Line 1. Module SSPI doesn't have a timescale but at least one module in design has a timescale.
WARNING: [XSIM 43-4099] "C:/Users/walto/Desktop/School/2020-Fall/COMPE-470/Project/Verilog_Project/remote_pwm.srcs/sources_1/new/PWM.v" Line 1. Module PWM doesn't have a timescale but at least one module in design has a timescale.
WARNING: [XSIM 43-4099] "C:/Users/walto/Desktop/School/2020-Fall/COMPE-470/Project/Verilog_Project/remote_pwm.srcs/sources_1/new/MSPI.v" Line 1. Module MSPI doesn't have a timescale but at least one module in design has a timescale.
WARNING: [XSIM 43-4099] "C:/Users/walto/Desktop/School/2020-Fall/COMPE-470/Project/Verilog_Project/remote_pwm.srcs/sources_1/new/SSPI.v" Line 1. Module SSPI doesn't have a timescale but at least one module in design has a timescale.
WARNING: [XSIM 43-4099] "C:/Users/walto/Desktop/School/2020-Fall/COMPE-470/Project/Verilog_Project/remote_pwm.srcs/sources_1/new/PWM.v" Line 1. Module PWM doesn't have a timescale but at least one module in design has a timescale.
WARNING: [XSIM 43-4099] "C:/Users/walto/Desktop/School/2020-Fall/COMPE-470/Project/Verilog_Project/remote_pwm.srcs/sources_1/new/SSPI.v" Line 1. Module SSPI doesn't have a timescale but at least one module in design has a timescale.
WARNING: [XSIM 43-4099] "C:/Users/walto/Desktop/School/2020-Fall/COMPE-470/Project/Verilog_Project/remote_pwm.srcs/sources_1/new/PWM.v" Line 1. Module PWM doesn't have a timescale but at least one module in design has a timescale.
Completed simulation data flow analysis
Time Resolution for simulation is 1ps
Compiling module xil_defaultlib.MSPI
Compiling module xil_defaultlib.SSPI
Compiling module xil_defaultlib.PWM
Compiling module xil_defaultlib.tb_MAIN
Compiling module xil_defaultlib.glbl
Built simulation snapshot tb_MAIN_behav
INFO: [USF-XSim-69] 'elaborate' step finished in '2' seconds
INFO: [USF-XSim-4] XSim::Simulate design
INFO: [USF-XSim-61] Executing 'SIMULATE' step in 'C:/Users/walto/Desktop/School/2020-Fall/COMPE-470/Project/Verilog_Project/remote_pwm.sim/sim_1/behav/xsim'
INFO: [USF-XSim-98] *** Running xsim
   with args "tb_MAIN_behav -key {Behavioral:sim_1:Functional:tb_MAIN} -tclbatch {tb_MAIN.tcl} -log {simulate.log}"
INFO: [USF-XSim-8] Loading simulator feature
Vivado Simulator 2020.1
Time resolution is 1 ps
source tb_MAIN.tcl
# set curr_wave [current_wave_config]
# if { [string length $curr_wave] == 0 } {
#   if { [llength [get_objects]] > 0} {
#     add_wave /
#     set_property needs_save false [current_wave_config]
#   } else {
#      send_msg_id Add_Wave-1 WARNING "No top level signals found. Simulator will start without a wave window. If you want to open a wave window go to 'File->New Waveform Configuration' or type 'create_wave_config' in the TCL console."
#   }
# }
# run 2000ns
INFO: [USF-XSim-96] XSim completed. Design snapshot 'tb_MAIN_behav' loaded.
INFO: [USF-XSim-97] XSim simulation ran for 2000ns
launch_simulation: Time (s): cpu = 00:00:04 ; elapsed = 00:00:06 . Memory (MB): peak = 1061.441 ; gain = 0.000
set_property -name {xsim.simulate.runtime} -value {10000ns} -objects [get_filesets sim_1]
WARNING: [filemgmt 56-199] Attempt to get parsing info during refresh. "On-the-fly" syntax checking information may be incorrect. [C:\Users\walto\Desktop\School\2020-Fall\COMPE-470\Project\Verilog_Project\remote_pwm.srcs\sources_1\new\MSPI.v:]
WARNING: [filemgmt 56-199] Attempt to get parsing info during refresh. "On-the-fly" syntax checking information may be incorrect. [C:\Users\walto\Desktop\School\2020-Fall\COMPE-470\Project\Verilog_Project\remote_pwm.srcs\sim_1\new\tb_MSPI.v:]
WARNING: [filemgmt 56-199] Attempt to get parsing info during refresh. "On-the-fly" syntax checking information may be incorrect. [C:\Users\walto\Desktop\School\2020-Fall\COMPE-470\Project\Verilog_Project\remote_pwm.srcs\sim_1\new\tb_PWM.v:]
WARNING: [filemgmt 56-199] Attempt to get parsing info during refresh. "On-the-fly" syntax checking information may be incorrect. [C:\Users\walto\Desktop\School\2020-Fall\COMPE-470\Project\Verilog_Project\remote_pwm.srcs\sim_1\new\tb_MAIN.v:]
WARNING: [filemgmt 56-199] Attempt to get parsing info during refresh. "On-the-fly" syntax checking information may be incorrect. [C:\Users\walto\Desktop\School\2020-Fall\COMPE-470\Project\Verilog_Project\remote_pwm.srcs\sim_1\new\tb_SSPI.v:]
WARNING: [filemgmt 56-199] Attempt to get parsing info during refresh. "On-the-fly" syntax checking information may be incorrect. [C:\Users\walto\Desktop\School\2020-Fall\COMPE-470\Project\Verilog_Project\remote_pwm.srcs\sources_1\new\SSPI.v:]
WARNING: [filemgmt 56-199] Attempt to get parsing info during refresh. "On-the-fly" syntax checking information may be incorrect. [C:\Users\walto\Desktop\School\2020-Fall\COMPE-470\Project\Verilog_Project\remote_pwm.srcs\sources_1\new\PWM.v:]
WARNING: [filemgmt 56-199] Attempt to get parsing info during refresh. "On-the-fly" syntax checking information may be incorrect. [C:\Users\walto\Desktop\School\2020-Fall\COMPE-470\Project\Verilog_Project\remote_pwm.srcs\sources_1\new\MSPI.v:]
WARNING: [filemgmt 56-199] Attempt to get parsing info during refresh. "On-the-fly" syntax checking information may be incorrect. [C:\Users\walto\Desktop\School\2020-Fall\COMPE-470\Project\Verilog_Project\remote_pwm.srcs\sim_1\new\tb_MSPI.v:]
WARNING: [filemgmt 56-199] Attempt to get parsing info during refresh. "On-the-fly" syntax checking information may be incorrect. [C:\Users\walto\Desktop\School\2020-Fall\COMPE-470\Project\Verilog_Project\remote_pwm.srcs\sim_1\new\tb_PWM.v:]
WARNING: [filemgmt 56-199] Attempt to get parsing info during refresh. "On-the-fly" syntax checking information may be incorrect. [C:\Users\walto\Desktop\School\2020-Fall\COMPE-470\Project\Verilog_Project\remote_pwm.srcs\sim_1\new\tb_MAIN.v:]
WARNING: [filemgmt 56-199] Attempt to get parsing info during refresh. "On-the-fly" syntax checking information may be incorrect. [C:\Users\walto\Desktop\School\2020-Fall\COMPE-470\Project\Verilog_Project\remote_pwm.srcs\sim_1\new\tb_SSPI.v:]
WARNING: [filemgmt 56-199] Attempt to get parsing info during refresh. "On-the-fly" syntax checking information may be incorrect. [C:\Users\walto\Desktop\School\2020-Fall\COMPE-470\Project\Verilog_Project\remote_pwm.srcs\sources_1\new\SSPI.v:]
WARNING: [filemgmt 56-199] Attempt to get parsing info during refresh. "On-the-fly" syntax checking information may be incorrect. [C:\Users\walto\Desktop\School\2020-Fall\COMPE-470\Project\Verilog_Project\remote_pwm.srcs\sources_1\new\PWM.v:]
WARNING: [filemgmt 56-199] Attempt to get parsing info during refresh. "On-the-fly" syntax checking information may be incorrect. [C:\Users\walto\Desktop\School\2020-Fall\COMPE-470\Project\Verilog_Project\remote_pwm.srcs\sources_1\new\MSPI.v:]
WARNING: [filemgmt 56-199] Attempt to get parsing info during refresh. "On-the-fly" syntax checking information may be incorrect. [C:\Users\walto\Desktop\School\2020-Fall\COMPE-470\Project\Verilog_Project\remote_pwm.srcs\sim_1\new\tb_MSPI.v:]
WARNING: [filemgmt 56-199] Attempt to get parsing info during refresh. "On-the-fly" syntax checking information may be incorrect. [C:\Users\walto\Desktop\School\2020-Fall\COMPE-470\Project\Verilog_Project\remote_pwm.srcs\sim_1\new\tb_PWM.v:]
WARNING: [filemgmt 56-199] Attempt to get parsing info during refresh. "On-the-fly" syntax checking information may be incorrect. [C:\Users\walto\Desktop\School\2020-Fall\COMPE-470\Project\Verilog_Project\remote_pwm.srcs\sim_1\new\tb_MAIN.v:]
WARNING: [filemgmt 56-199] Attempt to get parsing info during refresh. "On-the-fly" syntax checking information may be incorrect. [C:\Users\walto\Desktop\School\2020-Fall\COMPE-470\Project\Verilog_Project\remote_pwm.srcs\sim_1\new\tb_SSPI.v:]
WARNING: [filemgmt 56-199] Attempt to get parsing info during refresh. "On-the-fly" syntax checking information may be incorrect. [C:\Users\walto\Desktop\School\2020-Fall\COMPE-470\Project\Verilog_Project\remote_pwm.srcs\sources_1\new\SSPI.v:]
WARNING: [filemgmt 56-199] Attempt to get parsing info during refresh. "On-the-fly" syntax checking information may be incorrect. [C:\Users\walto\Desktop\School\2020-Fall\COMPE-470\Project\Verilog_Project\remote_pwm.srcs\sources_1\new\PWM.v:]
WARNING: [filemgmt 56-199] Attempt to get parsing info during refresh. "On-the-fly" syntax checking information may be incorrect. [C:\Users\walto\Desktop\School\2020-Fall\COMPE-470\Project\Verilog_Project\remote_pwm.srcs\sources_1\new\MSPI.v:]
WARNING: [filemgmt 56-199] Attempt to get parsing info during refresh. "On-the-fly" syntax checking information may be incorrect. [C:\Users\walto\Desktop\School\2020-Fall\COMPE-470\Project\Verilog_Project\remote_pwm.srcs\sim_1\new\tb_MSPI.v:]
WARNING: [filemgmt 56-199] Attempt to get parsing info during refresh. "On-the-fly" syntax checking information may be incorrect. [C:\Users\walto\Desktop\School\2020-Fall\COMPE-470\Project\Verilog_Project\remote_pwm.srcs\sim_1\new\tb_PWM.v:]
WARNING: [filemgmt 56-199] Attempt to get parsing info during refresh. "On-the-fly" syntax checking information may be incorrect. [C:\Users\walto\Desktop\School\2020-Fall\COMPE-470\Project\Verilog_Project\remote_pwm.srcs\sim_1\new\tb_MAIN.v:]
WARNING: [filemgmt 56-199] Attempt to get parsing info during refresh. "On-the-fly" syntax checking information may be incorrect. [C:\Users\walto\Desktop\School\2020-Fall\COMPE-470\Project\Verilog_Project\remote_pwm.srcs\sim_1\new\tb_SSPI.v:]
WARNING: [filemgmt 56-199] Attempt to get parsing info during refresh. "On-the-fly" syntax checking information may be incorrect. [C:\Users\walto\Desktop\School\2020-Fall\COMPE-470\Project\Verilog_Project\remote_pwm.srcs\sources_1\new\SSPI.v:]
WARNING: [filemgmt 56-199] Attempt to get parsing info during refresh. "On-the-fly" syntax checking information may be incorrect. [C:\Users\walto\Desktop\School\2020-Fall\COMPE-470\Project\Verilog_Project\remote_pwm.srcs\sources_1\new\PWM.v:]
WARNING: [filemgmt 56-199] Attempt to get parsing info during refresh. "On-the-fly" syntax checking information may be incorrect. [C:\Users\walto\Desktop\School\2020-Fall\COMPE-470\Project\Verilog_Project\remote_pwm.srcs\sources_1\new\MSPI.v:]
WARNING: [filemgmt 56-199] Attempt to get parsing info during refresh. "On-the-fly" syntax checking information may be incorrect. [C:\Users\walto\Desktop\School\2020-Fall\COMPE-470\Project\Verilog_Project\remote_pwm.srcs\sim_1\new\tb_MSPI.v:]
WARNING: [filemgmt 56-199] Attempt to get parsing info during refresh. "On-the-fly" syntax checking information may be incorrect. [C:\Users\walto\Desktop\School\2020-Fall\COMPE-470\Project\Verilog_Project\remote_pwm.srcs\sim_1\new\tb_PWM.v:]
WARNING: [filemgmt 56-199] Attempt to get parsing info during refresh. "On-the-fly" syntax checking information may be incorrect. [C:\Users\walto\Desktop\School\2020-Fall\COMPE-470\Project\Verilog_Project\remote_pwm.srcs\sim_1\new\tb_MAIN.v:]
WARNING: [filemgmt 56-199] Attempt to get parsing info during refresh. "On-the-fly" syntax checking information may be incorrect. [C:\Users\walto\Desktop\School\2020-Fall\COMPE-470\Project\Verilog_Project\remote_pwm.srcs\sim_1\new\tb_SSPI.v:]
WARNING: [filemgmt 56-199] Attempt to get parsing info during refresh. "On-the-fly" syntax checking information may be incorrect. [C:\Users\walto\Desktop\School\2020-Fall\COMPE-470\Project\Verilog_Project\remote_pwm.srcs\sources_1\new\SSPI.v:]
WARNING: [filemgmt 56-199] Attempt to get parsing info during refresh. "On-the-fly" syntax checking information may be incorrect. [C:\Users\walto\Desktop\School\2020-Fall\COMPE-470\Project\Verilog_Project\remote_pwm.srcs\sources_1\new\PWM.v:]
WARNING: [filemgmt 56-199] Attempt to get parsing info during refresh. "On-the-fly" syntax checking information may be incorrect. [C:\Users\walto\Desktop\School\2020-Fall\COMPE-470\Project\Verilog_Project\remote_pwm.srcs\sources_1\new\MSPI.v:]
WARNING: [filemgmt 56-199] Attempt to get parsing info during refresh. "On-the-fly" syntax checking information may be incorrect. [C:\Users\walto\Desktop\School\2020-Fall\COMPE-470\Project\Verilog_Project\remote_pwm.srcs\sim_1\new\tb_MSPI.v:]
WARNING: [filemgmt 56-199] Attempt to get parsing info during refresh. "On-the-fly" syntax checking information may be incorrect. [C:\Users\walto\Desktop\School\2020-Fall\COMPE-470\Project\Verilog_Project\remote_pwm.srcs\sim_1\new\tb_PWM.v:]
WARNING: [filemgmt 56-199] Attempt to get parsing info during refresh. "On-the-fly" syntax checking information may be incorrect. [C:\Users\walto\Desktop\School\2020-Fall\COMPE-470\Project\Verilog_Project\remote_pwm.srcs\sim_1\new\tb_MAIN.v:]
WARNING: [filemgmt 56-199] Attempt to get parsing info during refresh. "On-the-fly" syntax checking information may be incorrect. [C:\Users\walto\Desktop\School\2020-Fall\COMPE-470\Project\Verilog_Project\remote_pwm.srcs\sim_1\new\tb_SSPI.v:]
WARNING: [filemgmt 56-199] Attempt to get parsing info during refresh. "On-the-fly" syntax checking information may be incorrect. [C:\Users\walto\Desktop\School\2020-Fall\COMPE-470\Project\Verilog_Project\remote_pwm.srcs\sources_1\new\SSPI.v:]
WARNING: [filemgmt 56-199] Attempt to get parsing info during refresh. "On-the-fly" syntax checking information may be incorrect. [C:\Users\walto\Desktop\School\2020-Fall\COMPE-470\Project\Verilog_Project\remote_pwm.srcs\sources_1\new\PWM.v:]
ERROR: [Common 17-180] Spawn failed: No error
close_sim
INFO: [Simtcl 6-16] Simulation closed
launch_simulation
Command: launch_simulation 
INFO: [Vivado 12-5682] Launching behavioral simulation in 'C:/Users/walto/Desktop/School/2020-Fall/COMPE-470/Project/Verilog_Project/remote_pwm.sim/sim_1/behav/xsim'
INFO: [SIM-utils-51] Simulation object is 'sim_1'
INFO: [SIM-utils-54] Inspecting design source files for 'tb_MAIN' in fileset 'sim_1'...
INFO: [USF-XSim-97] Finding global include files...
INFO: [USF-XSim-100] Fetching design files from 'sources_1'...(this may take a while)...
INFO: [USF-XSim-101] Fetching design files from 'sim_1'...
INFO: [USF-XSim-2] XSim::Compile design
INFO: [USF-XSim-61] Executing 'COMPILE and ANALYZE' step in 'C:/Users/walto/Desktop/School/2020-Fall/COMPE-470/Project/Verilog_Project/remote_pwm.sim/sim_1/behav/xsim'
"xvlog --incr --relax -prj tb_MAIN_vlog.prj"
INFO: [USF-XSim-69] 'compile' step finished in '1' seconds
INFO: [USF-XSim-3] XSim::Elaborate design
INFO: [USF-XSim-61] Executing 'ELABORATE' step in 'C:/Users/walto/Desktop/School/2020-Fall/COMPE-470/Project/Verilog_Project/remote_pwm.sim/sim_1/behav/xsim'
"xelab -wto 083e3abf12c84338b4f409d41b00dd78 --incr --debug typical --relax --mt 2 -L xil_defaultlib -L unisims_ver -L unimacro_ver -L secureip --snapshot tb_MAIN_behav xil_defaultlib.tb_MAIN xil_defaultlib.glbl -log elaborate.log"
Vivado Simulator 2020.1
Copyright 1986-1999, 2001-2020 Xilinx, Inc. All Rights Reserved.
Running: C:/Xilinx/Vivado/2020.1/bin/unwrapped/win64.o/xelab.exe -wto 083e3abf12c84338b4f409d41b00dd78 --incr --debug typical --relax --mt 2 -L xil_defaultlib -L unisims_ver -L unimacro_ver -L secureip --snapshot tb_MAIN_behav xil_defaultlib.tb_MAIN xil_defaultlib.glbl -log elaborate.log 
Using 2 slave threads.
Starting static elaboration
Pass Through NonSizing Optimizer
Completed static elaboration
INFO: [XSIM 43-4323] No Change in HDL. Linking previously generated obj files to create kernel
INFO: [USF-XSim-69] 'elaborate' step finished in '1' seconds
INFO: [USF-XSim-4] XSim::Simulate design
INFO: [USF-XSim-61] Executing 'SIMULATE' step in 'C:/Users/walto/Desktop/School/2020-Fall/COMPE-470/Project/Verilog_Project/remote_pwm.sim/sim_1/behav/xsim'
INFO: [USF-XSim-98] *** Running xsim
   with args "tb_MAIN_behav -key {Behavioral:sim_1:Functional:tb_MAIN} -tclbatch {tb_MAIN.tcl} -log {simulate.log}"
INFO: [USF-XSim-8] Loading simulator feature
Vivado Simulator 2020.1
Time resolution is 1 ps
source tb_MAIN.tcl
# set curr_wave [current_wave_config]
# if { [string length $curr_wave] == 0 } {
#   if { [llength [get_objects]] > 0} {
#     add_wave /
#     set_property needs_save false [current_wave_config]
#   } else {
#      send_msg_id Add_Wave-1 WARNING "No top level signals found. Simulator will start without a wave window. If you want to open a wave window go to 'File->New Waveform Configuration' or type 'create_wave_config' in the TCL console."
#   }
# }
# run 10000ns
INFO: [USF-XSim-96] XSim completed. Design snapshot 'tb_MAIN_behav' loaded.
INFO: [USF-XSim-97] XSim simulation ran for 10000ns
launch_simulation: Time (s): cpu = 00:00:04 ; elapsed = 00:00:06 . Memory (MB): peak = 1061.441 ; gain = 0.000
close_sim
INFO: [Simtcl 6-16] Simulation closed
launch_simulation
Command: launch_simulation 
INFO: [Vivado 12-5682] Launching behavioral simulation in 'C:/Users/walto/Desktop/School/2020-Fall/COMPE-470/Project/Verilog_Project/remote_pwm.sim/sim_1/behav/xsim'
INFO: [SIM-utils-51] Simulation object is 'sim_1'
INFO: [SIM-utils-54] Inspecting design source files for 'tb_MAIN' in fileset 'sim_1'...
INFO: [USF-XSim-97] Finding global include files...
INFO: [USF-XSim-100] Fetching design files from 'sources_1'...(this may take a while)...
INFO: [USF-XSim-101] Fetching design files from 'sim_1'...
INFO: [USF-XSim-2] XSim::Compile design
INFO: [USF-XSim-61] Executing 'COMPILE and ANALYZE' step in 'C:/Users/walto/Desktop/School/2020-Fall/COMPE-470/Project/Verilog_Project/remote_pwm.sim/sim_1/behav/xsim'
"xvlog --incr --relax -prj tb_MAIN_vlog.prj"
INFO: [VRFC 10-2263] Analyzing Verilog file "C:/Users/walto/Desktop/School/2020-Fall/COMPE-470/Project/Verilog_Project/remote_pwm.srcs/sources_1/new/MSPI.v" into library xil_defaultlib
INFO: [VRFC 10-311] analyzing module MSPI
INFO: [VRFC 10-2263] Analyzing Verilog file "C:/Users/walto/Desktop/School/2020-Fall/COMPE-470/Project/Verilog_Project/remote_pwm.srcs/sources_1/new/SSPI.v" into library xil_defaultlib
INFO: [VRFC 10-311] analyzing module SSPI
INFO: [VRFC 10-2263] Analyzing Verilog file "C:/Users/walto/Desktop/School/2020-Fall/COMPE-470/Project/Verilog_Project/remote_pwm.srcs/sources_1/new/PWM.v" into library xil_defaultlib
INFO: [VRFC 10-311] analyzing module PWM
INFO: [VRFC 10-2263] Analyzing Verilog file "C:/Users/walto/Desktop/School/2020-Fall/COMPE-470/Project/Verilog_Project/remote_pwm.srcs/sim_1/new/tb_PWM.v" into library xil_defaultlib
INFO: [VRFC 10-311] analyzing module tb_PWM
INFO: [VRFC 10-2263] Analyzing Verilog file "C:/Users/walto/Desktop/School/2020-Fall/COMPE-470/Project/Verilog_Project/remote_pwm.srcs/sim_1/new/tb_MSPI.v" into library xil_defaultlib
INFO: [VRFC 10-311] analyzing module tb_MSPI
INFO: [VRFC 10-2263] Analyzing Verilog file "C:/Users/walto/Desktop/School/2020-Fall/COMPE-470/Project/Verilog_Project/remote_pwm.srcs/sim_1/new/tb_SSPI.v" into library xil_defaultlib
INFO: [VRFC 10-311] analyzing module tb_SSPI
INFO: [VRFC 10-2263] Analyzing Verilog file "C:/Users/walto/Desktop/School/2020-Fall/COMPE-470/Project/Verilog_Project/remote_pwm.srcs/sim_1/new/tb_MAIN.v" into library xil_defaultlib
INFO: [VRFC 10-311] analyzing module tb_MAIN
INFO: [USF-XSim-69] 'compile' step finished in '1' seconds
INFO: [USF-XSim-3] XSim::Elaborate design
INFO: [USF-XSim-61] Executing 'ELABORATE' step in 'C:/Users/walto/Desktop/School/2020-Fall/COMPE-470/Project/Verilog_Project/remote_pwm.sim/sim_1/behav/xsim'
"xelab -wto 083e3abf12c84338b4f409d41b00dd78 --incr --debug typical --relax --mt 2 -L xil_defaultlib -L unisims_ver -L unimacro_ver -L secureip --snapshot tb_MAIN_behav xil_defaultlib.tb_MAIN xil_defaultlib.glbl -log elaborate.log"
Vivado Simulator 2020.1
Copyright 1986-1999, 2001-2020 Xilinx, Inc. All Rights Reserved.
Running: C:/Xilinx/Vivado/2020.1/bin/unwrapped/win64.o/xelab.exe -wto 083e3abf12c84338b4f409d41b00dd78 --incr --debug typical --relax --mt 2 -L xil_defaultlib -L unisims_ver -L unimacro_ver -L secureip --snapshot tb_MAIN_behav xil_defaultlib.tb_MAIN xil_defaultlib.glbl -log elaborate.log 
Using 2 slave threads.
Starting static elaboration
Pass Through NonSizing Optimizer
Completed static elaboration
Starting simulation data flow analysis
WARNING: [XSIM 43-4099] "C:/Users/walto/Desktop/School/2020-Fall/COMPE-470/Project/Verilog_Project/remote_pwm.srcs/sources_1/new/MSPI.v" Line 1. Module MSPI doesn't have a timescale but at least one module in design has a timescale.
WARNING: [XSIM 43-4099] "C:/Users/walto/Desktop/School/2020-Fall/COMPE-470/Project/Verilog_Project/remote_pwm.srcs/sources_1/new/SSPI.v" Line 1. Module SSPI doesn't have a timescale but at least one module in design has a timescale.
WARNING: [XSIM 43-4099] "C:/Users/walto/Desktop/School/2020-Fall/COMPE-470/Project/Verilog_Project/remote_pwm.srcs/sources_1/new/PWM.v" Line 1. Module PWM doesn't have a timescale but at least one module in design has a timescale.
WARNING: [XSIM 43-4099] "C:/Users/walto/Desktop/School/2020-Fall/COMPE-470/Project/Verilog_Project/remote_pwm.srcs/sources_1/new/SSPI.v" Line 1. Module SSPI doesn't have a timescale but at least one module in design has a timescale.
WARNING: [XSIM 43-4099] "C:/Users/walto/Desktop/School/2020-Fall/COMPE-470/Project/Verilog_Project/remote_pwm.srcs/sources_1/new/PWM.v" Line 1. Module PWM doesn't have a timescale but at least one module in design has a timescale.
WARNING: [XSIM 43-4099] "C:/Users/walto/Desktop/School/2020-Fall/COMPE-470/Project/Verilog_Project/remote_pwm.srcs/sources_1/new/MSPI.v" Line 1. Module MSPI doesn't have a timescale but at least one module in design has a timescale.
WARNING: [XSIM 43-4099] "C:/Users/walto/Desktop/School/2020-Fall/COMPE-470/Project/Verilog_Project/remote_pwm.srcs/sources_1/new/SSPI.v" Line 1. Module SSPI doesn't have a timescale but at least one module in design has a timescale.
WARNING: [XSIM 43-4099] "C:/Users/walto/Desktop/School/2020-Fall/COMPE-470/Project/Verilog_Project/remote_pwm.srcs/sources_1/new/PWM.v" Line 1. Module PWM doesn't have a timescale but at least one module in design has a timescale.
WARNING: [XSIM 43-4099] "C:/Users/walto/Desktop/School/2020-Fall/COMPE-470/Project/Verilog_Project/remote_pwm.srcs/sources_1/new/SSPI.v" Line 1. Module SSPI doesn't have a timescale but at least one module in design has a timescale.
WARNING: [XSIM 43-4099] "C:/Users/walto/Desktop/School/2020-Fall/COMPE-470/Project/Verilog_Project/remote_pwm.srcs/sources_1/new/PWM.v" Line 1. Module PWM doesn't have a timescale but at least one module in design has a timescale.
Completed simulation data flow analysis
Time Resolution for simulation is 1ps
Compiling module xil_defaultlib.MSPI
Compiling module xil_defaultlib.SSPI
Compiling module xil_defaultlib.PWM
Compiling module xil_defaultlib.tb_MAIN
Compiling module xil_defaultlib.glbl
Built simulation snapshot tb_MAIN_behav

****** Webtalk v2020.1 (64-bit)
  **** SW Build 2902540 on Wed May 27 19:54:49 MDT 2020
  **** IP Build 2902112 on Wed May 27 22:43:36 MDT 2020
    ** Copyright 1986-2020 Xilinx, Inc. All Rights Reserved.

source C:/Users/walto/Desktop/School/2020-Fall/COMPE-470/Project/Verilog_Project/remote_pwm.sim/sim_1/behav/xsim/xsim.dir/tb_MAIN_behav/webtalk/xsim_webtalk.tcl -notrace
INFO: [Common 17-206] Exiting Webtalk at Tue Dec  8 13:33:54 2020...
INFO: [USF-XSim-69] 'elaborate' step finished in '4' seconds
INFO: [USF-XSim-4] XSim::Simulate design
INFO: [USF-XSim-61] Executing 'SIMULATE' step in 'C:/Users/walto/Desktop/School/2020-Fall/COMPE-470/Project/Verilog_Project/remote_pwm.sim/sim_1/behav/xsim'
INFO: [USF-XSim-98] *** Running xsim
   with args "tb_MAIN_behav -key {Behavioral:sim_1:Functional:tb_MAIN} -tclbatch {tb_MAIN.tcl} -log {simulate.log}"
INFO: [USF-XSim-8] Loading simulator feature
Vivado Simulator 2020.1
Time resolution is 1 ps
source tb_MAIN.tcl
# set curr_wave [current_wave_config]
# if { [string length $curr_wave] == 0 } {
#   if { [llength [get_objects]] > 0} {
#     add_wave /
#     set_property needs_save false [current_wave_config]
#   } else {
#      send_msg_id Add_Wave-1 WARNING "No top level signals found. Simulator will start without a wave window. If you want to open a wave window go to 'File->New Waveform Configuration' or type 'create_wave_config' in the TCL console."
#   }
# }
# run 10000ns
$finish called at time : 1090 ns : File "C:/Users/walto/Desktop/School/2020-Fall/COMPE-470/Project/Verilog_Project/remote_pwm.srcs/sim_1/new/tb_MAIN.v" Line 66
INFO: [USF-XSim-96] XSim completed. Design snapshot 'tb_MAIN_behav' loaded.
INFO: [USF-XSim-97] XSim simulation ran for 10000ns
launch_simulation: Time (s): cpu = 00:00:05 ; elapsed = 00:00:10 . Memory (MB): peak = 1061.441 ; gain = 0.000
add_bp {C:/Users/walto/Desktop/School/2020-Fall/COMPE-470/Project/Verilog_Project/remote_pwm.srcs/sources_1/new/MSPI.v} 34
remove_bps -file {C:/Users/walto/Desktop/School/2020-Fall/COMPE-470/Project/Verilog_Project/remote_pwm.srcs/sources_1/new/MSPI.v} -line 34
close_sim
INFO: [Simtcl 6-16] Simulation closed
launch_simulation
Command: launch_simulation 
INFO: [Vivado 12-5682] Launching behavioral simulation in 'C:/Users/walto/Desktop/School/2020-Fall/COMPE-470/Project/Verilog_Project/remote_pwm.sim/sim_1/behav/xsim'
INFO: [SIM-utils-51] Simulation object is 'sim_1'
INFO: [SIM-utils-54] Inspecting design source files for 'tb_MAIN' in fileset 'sim_1'...
INFO: [USF-XSim-97] Finding global include files...
INFO: [USF-XSim-100] Fetching design files from 'sources_1'...(this may take a while)...
INFO: [USF-XSim-101] Fetching design files from 'sim_1'...
INFO: [USF-XSim-2] XSim::Compile design
INFO: [USF-XSim-61] Executing 'COMPILE and ANALYZE' step in 'C:/Users/walto/Desktop/School/2020-Fall/COMPE-470/Project/Verilog_Project/remote_pwm.sim/sim_1/behav/xsim'
"xvlog --incr --relax -prj tb_MAIN_vlog.prj"
INFO: [USF-XSim-69] 'compile' step finished in '1' seconds
INFO: [USF-XSim-3] XSim::Elaborate design
INFO: [USF-XSim-61] Executing 'ELABORATE' step in 'C:/Users/walto/Desktop/School/2020-Fall/COMPE-470/Project/Verilog_Project/remote_pwm.sim/sim_1/behav/xsim'
"xelab -wto 083e3abf12c84338b4f409d41b00dd78 --incr --debug typical --relax --mt 2 -L xil_defaultlib -L unisims_ver -L unimacro_ver -L secureip --snapshot tb_MAIN_behav xil_defaultlib.tb_MAIN xil_defaultlib.glbl -log elaborate.log"
Vivado Simulator 2020.1
Copyright 1986-1999, 2001-2020 Xilinx, Inc. All Rights Reserved.
Running: C:/Xilinx/Vivado/2020.1/bin/unwrapped/win64.o/xelab.exe -wto 083e3abf12c84338b4f409d41b00dd78 --incr --debug typical --relax --mt 2 -L xil_defaultlib -L unisims_ver -L unimacro_ver -L secureip --snapshot tb_MAIN_behav xil_defaultlib.tb_MAIN xil_defaultlib.glbl -log elaborate.log 
Using 2 slave threads.
Starting static elaboration
Pass Through NonSizing Optimizer
Completed static elaboration
INFO: [XSIM 43-4323] No Change in HDL. Linking previously generated obj files to create kernel
INFO: [USF-XSim-69] 'elaborate' step finished in '1' seconds
INFO: [USF-XSim-4] XSim::Simulate design
INFO: [USF-XSim-61] Executing 'SIMULATE' step in 'C:/Users/walto/Desktop/School/2020-Fall/COMPE-470/Project/Verilog_Project/remote_pwm.sim/sim_1/behav/xsim'
INFO: [USF-XSim-98] *** Running xsim
   with args "tb_MAIN_behav -key {Behavioral:sim_1:Functional:tb_MAIN} -tclbatch {tb_MAIN.tcl} -log {simulate.log}"
INFO: [USF-XSim-8] Loading simulator feature
Vivado Simulator 2020.1
Time resolution is 1 ps
source tb_MAIN.tcl
# set curr_wave [current_wave_config]
# if { [string length $curr_wave] == 0 } {
#   if { [llength [get_objects]] > 0} {
#     add_wave /
#     set_property needs_save false [current_wave_config]
#   } else {
#      send_msg_id Add_Wave-1 WARNING "No top level signals found. Simulator will start without a wave window. If you want to open a wave window go to 'File->New Waveform Configuration' or type 'create_wave_config' in the TCL console."
#   }
# }
# run 10000ns
$finish called at time : 1090 ns : File "C:/Users/walto/Desktop/School/2020-Fall/COMPE-470/Project/Verilog_Project/remote_pwm.srcs/sim_1/new/tb_MAIN.v" Line 66
INFO: [USF-XSim-96] XSim completed. Design snapshot 'tb_MAIN_behav' loaded.
INFO: [USF-XSim-97] XSim simulation ran for 10000ns
launch_simulation: Time (s): cpu = 00:00:06 ; elapsed = 00:00:08 . Memory (MB): peak = 1061.441 ; gain = 0.000
close_sim
INFO: [Simtcl 6-16] Simulation closed
launch_simulation
Command: launch_simulation 
INFO: [Vivado 12-5682] Launching behavioral simulation in 'C:/Users/walto/Desktop/School/2020-Fall/COMPE-470/Project/Verilog_Project/remote_pwm.sim/sim_1/behav/xsim'
INFO: [SIM-utils-51] Simulation object is 'sim_1'
INFO: [SIM-utils-54] Inspecting design source files for 'tb_MAIN' in fileset 'sim_1'...
INFO: [USF-XSim-97] Finding global include files...
INFO: [USF-XSim-100] Fetching design files from 'sources_1'...(this may take a while)...
INFO: [USF-XSim-101] Fetching design files from 'sim_1'...
INFO: [USF-XSim-2] XSim::Compile design
INFO: [USF-XSim-61] Executing 'COMPILE and ANALYZE' step in 'C:/Users/walto/Desktop/School/2020-Fall/COMPE-470/Project/Verilog_Project/remote_pwm.sim/sim_1/behav/xsim'
"xvlog --incr --relax -prj tb_MAIN_vlog.prj"
INFO: [VRFC 10-2263] Analyzing Verilog file "C:/Users/walto/Desktop/School/2020-Fall/COMPE-470/Project/Verilog_Project/remote_pwm.srcs/sources_1/new/MSPI.v" into library xil_defaultlib
INFO: [VRFC 10-311] analyzing module MSPI
INFO: [VRFC 10-2263] Analyzing Verilog file "C:/Users/walto/Desktop/School/2020-Fall/COMPE-470/Project/Verilog_Project/remote_pwm.srcs/sources_1/new/SSPI.v" into library xil_defaultlib
INFO: [VRFC 10-311] analyzing module SSPI
INFO: [VRFC 10-2263] Analyzing Verilog file "C:/Users/walto/Desktop/School/2020-Fall/COMPE-470/Project/Verilog_Project/remote_pwm.srcs/sources_1/new/PWM.v" into library xil_defaultlib
INFO: [VRFC 10-311] analyzing module PWM
INFO: [VRFC 10-2263] Analyzing Verilog file "C:/Users/walto/Desktop/School/2020-Fall/COMPE-470/Project/Verilog_Project/remote_pwm.srcs/sim_1/new/tb_PWM.v" into library xil_defaultlib
INFO: [VRFC 10-311] analyzing module tb_PWM
INFO: [VRFC 10-2263] Analyzing Verilog file "C:/Users/walto/Desktop/School/2020-Fall/COMPE-470/Project/Verilog_Project/remote_pwm.srcs/sim_1/new/tb_MSPI.v" into library xil_defaultlib
INFO: [VRFC 10-311] analyzing module tb_MSPI
INFO: [VRFC 10-2263] Analyzing Verilog file "C:/Users/walto/Desktop/School/2020-Fall/COMPE-470/Project/Verilog_Project/remote_pwm.srcs/sim_1/new/tb_SSPI.v" into library xil_defaultlib
INFO: [VRFC 10-311] analyzing module tb_SSPI
INFO: [VRFC 10-2263] Analyzing Verilog file "C:/Users/walto/Desktop/School/2020-Fall/COMPE-470/Project/Verilog_Project/remote_pwm.srcs/sim_1/new/tb_MAIN.v" into library xil_defaultlib
INFO: [VRFC 10-311] analyzing module tb_MAIN
INFO: [USF-XSim-69] 'compile' step finished in '1' seconds
INFO: [USF-XSim-3] XSim::Elaborate design
INFO: [USF-XSim-61] Executing 'ELABORATE' step in 'C:/Users/walto/Desktop/School/2020-Fall/COMPE-470/Project/Verilog_Project/remote_pwm.sim/sim_1/behav/xsim'
"xelab -wto 083e3abf12c84338b4f409d41b00dd78 --incr --debug typical --relax --mt 2 -L xil_defaultlib -L unisims_ver -L unimacro_ver -L secureip --snapshot tb_MAIN_behav xil_defaultlib.tb_MAIN xil_defaultlib.glbl -log elaborate.log"
Vivado Simulator 2020.1
Copyright 1986-1999, 2001-2020 Xilinx, Inc. All Rights Reserved.
Running: C:/Xilinx/Vivado/2020.1/bin/unwrapped/win64.o/xelab.exe -wto 083e3abf12c84338b4f409d41b00dd78 --incr --debug typical --relax --mt 2 -L xil_defaultlib -L unisims_ver -L unimacro_ver -L secureip --snapshot tb_MAIN_behav xil_defaultlib.tb_MAIN xil_defaultlib.glbl -log elaborate.log 
Using 2 slave threads.
Starting static elaboration
Pass Through NonSizing Optimizer
Completed static elaboration
Starting simulation data flow analysis
WARNING: [XSIM 43-4099] "C:/Users/walto/Desktop/School/2020-Fall/COMPE-470/Project/Verilog_Project/remote_pwm.srcs/sources_1/new/MSPI.v" Line 1. Module MSPI doesn't have a timescale but at least one module in design has a timescale.
WARNING: [XSIM 43-4099] "C:/Users/walto/Desktop/School/2020-Fall/COMPE-470/Project/Verilog_Project/remote_pwm.srcs/sources_1/new/SSPI.v" Line 1. Module SSPI doesn't have a timescale but at least one module in design has a timescale.
WARNING: [XSIM 43-4099] "C:/Users/walto/Desktop/School/2020-Fall/COMPE-470/Project/Verilog_Project/remote_pwm.srcs/sources_1/new/PWM.v" Line 1. Module PWM doesn't have a timescale but at least one module in design has a timescale.
WARNING: [XSIM 43-4099] "C:/Users/walto/Desktop/School/2020-Fall/COMPE-470/Project/Verilog_Project/remote_pwm.srcs/sources_1/new/SSPI.v" Line 1. Module SSPI doesn't have a timescale but at least one module in design has a timescale.
WARNING: [XSIM 43-4099] "C:/Users/walto/Desktop/School/2020-Fall/COMPE-470/Project/Verilog_Project/remote_pwm.srcs/sources_1/new/PWM.v" Line 1. Module PWM doesn't have a timescale but at least one module in design has a timescale.
WARNING: [XSIM 43-4099] "C:/Users/walto/Desktop/School/2020-Fall/COMPE-470/Project/Verilog_Project/remote_pwm.srcs/sources_1/new/MSPI.v" Line 1. Module MSPI doesn't have a timescale but at least one module in design has a timescale.
WARNING: [XSIM 43-4099] "C:/Users/walto/Desktop/School/2020-Fall/COMPE-470/Project/Verilog_Project/remote_pwm.srcs/sources_1/new/SSPI.v" Line 1. Module SSPI doesn't have a timescale but at least one module in design has a timescale.
WARNING: [XSIM 43-4099] "C:/Users/walto/Desktop/School/2020-Fall/COMPE-470/Project/Verilog_Project/remote_pwm.srcs/sources_1/new/PWM.v" Line 1. Module PWM doesn't have a timescale but at least one module in design has a timescale.
WARNING: [XSIM 43-4099] "C:/Users/walto/Desktop/School/2020-Fall/COMPE-470/Project/Verilog_Project/remote_pwm.srcs/sources_1/new/SSPI.v" Line 1. Module SSPI doesn't have a timescale but at least one module in design has a timescale.
WARNING: [XSIM 43-4099] "C:/Users/walto/Desktop/School/2020-Fall/COMPE-470/Project/Verilog_Project/remote_pwm.srcs/sources_1/new/PWM.v" Line 1. Module PWM doesn't have a timescale but at least one module in design has a timescale.
Completed simulation data flow analysis
Time Resolution for simulation is 1ps
Compiling module xil_defaultlib.MSPI
Compiling module xil_defaultlib.SSPI
Compiling module xil_defaultlib.PWM
Compiling module xil_defaultlib.tb_MAIN
Compiling module xil_defaultlib.glbl
Built simulation snapshot tb_MAIN_behav
INFO: [USF-XSim-69] 'elaborate' step finished in '1' seconds
INFO: [USF-XSim-4] XSim::Simulate design
INFO: [USF-XSim-61] Executing 'SIMULATE' step in 'C:/Users/walto/Desktop/School/2020-Fall/COMPE-470/Project/Verilog_Project/remote_pwm.sim/sim_1/behav/xsim'
INFO: [USF-XSim-98] *** Running xsim
   with args "tb_MAIN_behav -key {Behavioral:sim_1:Functional:tb_MAIN} -tclbatch {tb_MAIN.tcl} -log {simulate.log}"
INFO: [USF-XSim-8] Loading simulator feature
Vivado Simulator 2020.1
Time resolution is 1 ps
source tb_MAIN.tcl
# set curr_wave [current_wave_config]
# if { [string length $curr_wave] == 0 } {
#   if { [llength [get_objects]] > 0} {
#     add_wave /
#     set_property needs_save false [current_wave_config]
#   } else {
#      send_msg_id Add_Wave-1 WARNING "No top level signals found. Simulator will start without a wave window. If you want to open a wave window go to 'File->New Waveform Configuration' or type 'create_wave_config' in the TCL console."
#   }
# }
# run 10000ns
INFO: [USF-XSim-96] XSim completed. Design snapshot 'tb_MAIN_behav' loaded.
INFO: [USF-XSim-97] XSim simulation ran for 10000ns
launch_simulation: Time (s): cpu = 00:00:05 ; elapsed = 00:00:09 . Memory (MB): peak = 1061.441 ; gain = 0.000
close_sim
INFO: [Simtcl 6-16] Simulation closed
exit
INFO: [Common 17-206] Exiting Vivado at Tue Dec  8 14:12:18 2020...
