#-----------------------------------------------------------
# Vivado v2020.1 (64-bit)
# SW Build 2902540 on Wed May 27 19:54:49 MDT 2020
# IP Build 2902112 on Wed May 27 22:43:36 MDT 2020
# Start of session at: Sun Nov 29 22:16:53 2020
# Process ID: 2572
# Current directory: C:/Users/walto/Desktop/School/2020-Fall/COMPE-470/Project/remote_pwm
# Command line: vivado.exe -gui_launcher_event rodinguilauncherevent23140 C:\Users\walto\Desktop\School\2020-Fall\COMPE-470\Project\remote_pwm\remote_pwm.xpr
# Log file: C:/Users/walto/Desktop/School/2020-Fall/COMPE-470/Project/remote_pwm/vivado.log
# Journal file: C:/Users/walto/Desktop/School/2020-Fall/COMPE-470/Project/remote_pwm\vivado.jou
#-----------------------------------------------------------
start_gui
open_project C:/Users/walto/Desktop/School/2020-Fall/COMPE-470/Project/remote_pwm/remote_pwm.xpr
CRITICAL WARNING: [Project 1-19] Could not find the file 'C:/Users/walto/Desktop/School/2020-Fall/COMPE-470/Project/remote_pwm/remote_pwm.srcs/sources_1/new/SPI.v'.
CRITICAL WARNING: [Project 1-19] Could not find the file 'C:/Users/walto/Desktop/School/2020-Fall/COMPE-470/Project/remote_pwm/remote_pwm.srcs/sim_1/new/tb_SPI.v'.
Scanning sources...
Finished scanning sources
INFO: [IP_Flow 19-234] Refreshing IP repositories
INFO: [IP_Flow 19-1704] No user IP repositories specified
INFO: [IP_Flow 19-2313] Loaded Vivado IP repository 'C:/Xilinx/Vivado/2020.1/data/ip'.
exit
INFO: [Common 17-206] Exiting Vivado at Sun Nov 29 22:17:35 2020...
