#-----------------------------------------------------------
# Vivado v2020.1 (64-bit)
# SW Build 2902540 on Wed May 27 19:54:49 MDT 2020
# IP Build 2902112 on Wed May 27 22:43:36 MDT 2020
# Start of session at: Sun Nov 29 22:19:14 2020
# Process ID: 3292
# Current directory: C:/Users/walto/Desktop/School/2020-Fall/COMPE-470/Project/remote_pwm
# Command line: vivado.exe -gui_launcher_event rodinguilauncherevent6432 C:\Users\walto\Desktop\School\2020-Fall\COMPE-470\Project\remote_pwm\remote_pwm.xpr
# Log file: C:/Users/walto/Desktop/School/2020-Fall/COMPE-470/Project/remote_pwm/vivado.log
# Journal file: C:/Users/walto/Desktop/School/2020-Fall/COMPE-470/Project/remote_pwm\vivado.jou
#-----------------------------------------------------------
start_gui
open_project C:/Users/walto/Desktop/School/2020-Fall/COMPE-470/Project/remote_pwm/remote_pwm.xpr
Scanning sources...
Finished scanning sources
INFO: [IP_Flow 19-234] Refreshing IP repositories
INFO: [IP_Flow 19-1704] No user IP repositories specified
INFO: [IP_Flow 19-2313] Loaded Vivado IP repository 'C:/Xilinx/Vivado/2020.1/data/ip'.
oupdate_files -from_files C:/Users/walto/Desktop/School/2020-Fall/COMPE-470/Project/remote_pwm/remote_pwm.srcs/sources_1/new/MSPI.v -to_files C:/Users/walto/Desktop/School/2020-Fall/COMPE-470/Project/remote_pwm/remote_pwm.srcs/sources_1/new/SPI.v -filesets [get_filesets *]
INFO: [filemgmt 20-762] Replacing file 'C:/Users/walto/Desktop/School/2020-Fall/COMPE-470/Project/remote_pwm/remote_pwm.srcs/sources_1/new/SPI.v' with file 'C:/Users/walto/Desktop/School/2020-Fall/COMPE-470/Project/remote_pwm/remote_pwm.srcs/sources_1/new/MSPI.v'.
update_files -from_files C:/Users/walto/Desktop/School/2020-Fall/COMPE-470/Project/remote_pwm/remote_pwm.srcs/sim_1/new/tb_MSPI.v -to_files C:/Users/walto/Desktop/School/2020-Fall/COMPE-470/Project/remote_pwm/remote_pwm.srcs/sim_1/new/tb_SPI.v -filesets [get_filesets *]
INFO: [filemgmt 20-762] Replacing file 'C:/Users/walto/Desktop/School/2020-Fall/COMPE-470/Project/remote_pwm/remote_pwm.srcs/sim_1/new/tb_SPI.v' with file 'C:/Users/walto/Desktop/School/2020-Fall/COMPE-470/Project/remote_pwm/remote_pwm.srcs/sim_1/new/tb_MSPI.v'.
set_property top PWM [current_fileset]
set_property top tb_PWM [get_filesets sim_1]
set_property top_lib xil_defaultlib [get_filesets sim_1]
add_files -norecurse C:/Users/walto/Desktop/School/2020-Fall/COMPE-470/Project/remote_pwm/remote_pwm.srcs/sources_1/new/MSPI.v
WARNING: [filemgmt 56-12] File 'C:/Users/walto/Desktop/School/2020-Fall/COMPE-470/Project/remote_pwm/remote_pwm.srcs/sources_1/new/MSPI.v' cannot be added to the project because it already exists in the project, skipping this file
export_ip_user_files -of_objects  [get_files C:/Users/walto/Desktop/School/2020-Fall/COMPE-470/Project/remote_pwm/remote_pwm.srcs/sources_1/new/MSPI.v] -no_script -reset -force -quiet
remove_files  C:/Users/walto/Desktop/School/2020-Fall/COMPE-470/Project/remote_pwm/remote_pwm.srcs/sources_1/new/MSPI.v
add_files -norecurse -scan_for_includes C:/Users/walto/Desktop/School/2020-Fall/COMPE-470/Project/remote_pwm/remote_pwm.srcs/sources_1/new/MSPI.v
close [ open C:/Users/walto/Desktop/School/2020-Fall/COMPE-470/Project/remote_pwm/remote_pwm.srcs/sources_1/new/FUCK.v w ]
add_files C:/Users/walto/Desktop/School/2020-Fall/COMPE-470/Project/remote_pwm/remote_pwm.srcs/sources_1/new/FUCK.v
WARNING: [filemgmt 56-199] Attempt to get parsing info during refresh. "On-the-fly" syntax checking information may be incorrect. [C:\Users\walto\Desktop\School\2020-Fall\COMPE-470\Project\remote_pwm\remote_pwm.srcs\sources_1\new\MSPI.v:]
ERROR: [Common 17-180] Spawn failed: No error
WARNING: [filemgmt 56-199] Attempt to get parsing info during refresh. "On-the-fly" syntax checking information may be incorrect. [C:\Users\walto\Desktop\School\2020-Fall\COMPE-470\Project\remote_pwm\remote_pwm.srcs\sources_1\new\MSPI.v:]
WARNING: [filemgmt 56-199] Attempt to get parsing info during refresh. "On-the-fly" syntax checking information may be incorrect. [C:\Users\walto\Desktop\School\2020-Fall\COMPE-470\Project\remote_pwm\remote_pwm.srcs\sim_1\new\tb_MSPI.v:]
ERROR: [Common 17-180] Spawn failed: No error
WARNING: [filemgmt 56-199] Attempt to get parsing info during refresh. "On-the-fly" syntax checking information may be incorrect. [C:\Users\walto\Desktop\School\2020-Fall\COMPE-470\Project\remote_pwm\remote_pwm.srcs\sources_1\new\MSPI.v:]
WARNING: [filemgmt 56-199] Attempt to get parsing info during refresh. "On-the-fly" syntax checking information may be incorrect. [C:\Users\walto\Desktop\School\2020-Fall\COMPE-470\Project\remote_pwm\remote_pwm.srcs\sim_1\new\tb_MSPI.v:]
ERROR: [Common 17-180] Spawn failed: No error
WARNING: [filemgmt 56-199] Attempt to get parsing info during refresh. "On-the-fly" syntax checking information may be incorrect. [C:\Users\walto\Desktop\School\2020-Fall\COMPE-470\Project\remote_pwm\remote_pwm.srcs\sources_1\new\MSPI.v:]
WARNING: [filemgmt 56-199] Attempt to get parsing info during refresh. "On-the-fly" syntax checking information may be incorrect. [C:\Users\walto\Desktop\School\2020-Fall\COMPE-470\Project\remote_pwm\remote_pwm.srcs\sim_1\new\tb_MSPI.v:]
ERROR: [Common 17-180] Spawn failed: No error
WARNING: [filemgmt 56-199] Attempt to get parsing info during refresh. "On-the-fly" syntax checking information may be incorrect. [C:\Users\walto\Desktop\School\2020-Fall\COMPE-470\Project\remote_pwm\remote_pwm.srcs\sources_1\new\MSPI.v:]
WARNING: [filemgmt 56-199] Attempt to get parsing info during refresh. "On-the-fly" syntax checking information may be incorrect. [C:\Users\walto\Desktop\School\2020-Fall\COMPE-470\Project\remote_pwm\remote_pwm.srcs\sim_1\new\tb_MSPI.v:]
ERROR: [Common 17-180] Spawn failed: No error
WARNING: [filemgmt 56-199] Attempt to get parsing info during refresh. "On-the-fly" syntax checking information may be incorrect. [C:\Users\walto\Desktop\School\2020-Fall\COMPE-470\Project\remote_pwm\remote_pwm.srcs\sources_1\new\MSPI.v:]
WARNING: [filemgmt 56-199] Attempt to get parsing info during refresh. "On-the-fly" syntax checking information may be incorrect. [C:\Users\walto\Desktop\School\2020-Fall\COMPE-470\Project\remote_pwm\remote_pwm.srcs\sim_1\new\tb_MSPI.v:]
ERROR: [Common 17-180] Spawn failed: No error
WARNING: [filemgmt 56-199] Attempt to get parsing info during refresh. "On-the-fly" syntax checking information may be incorrect. [C:\Users\walto\Desktop\School\2020-Fall\COMPE-470\Project\remote_pwm\remote_pwm.srcs\sources_1\new\MSPI.v:]
WARNING: [filemgmt 56-199] Attempt to get parsing info during refresh. "On-the-fly" syntax checking information may be incorrect. [C:\Users\walto\Desktop\School\2020-Fall\COMPE-470\Project\remote_pwm\remote_pwm.srcs\sim_1\new\tb_MSPI.v:]
ERROR: [Common 17-180] Spawn failed: No error
WARNING: [filemgmt 56-199] Attempt to get parsing info during refresh. "On-the-fly" syntax checking information may be incorrect. [C:\Users\walto\Desktop\School\2020-Fall\COMPE-470\Project\remote_pwm\remote_pwm.srcs\sources_1\new\MSPI.v:]
WARNING: [filemgmt 56-199] Attempt to get parsing info during refresh. "On-the-fly" syntax checking information may be incorrect. [C:\Users\walto\Desktop\School\2020-Fall\COMPE-470\Project\remote_pwm\remote_pwm.srcs\sim_1\new\tb_MSPI.v:]
WARNING: [filemgmt 56-199] Attempt to get parsing info during refresh. "On-the-fly" syntax checking information may be incorrect. [C:\Users\walto\Desktop\School\2020-Fall\COMPE-470\Project\remote_pwm\remote_pwm.srcs\sources_1\new\MSPI.v:]
WARNING: [filemgmt 56-199] Attempt to get parsing info during refresh. "On-the-fly" syntax checking information may be incorrect. [C:\Users\walto\Desktop\School\2020-Fall\COMPE-470\Project\remote_pwm\remote_pwm.srcs\sim_1\new\tb_MSPI.v:]
ERROR: [Common 17-180] Spawn failed: No error
WARNING: [filemgmt 56-199] Attempt to get parsing info during refresh. "On-the-fly" syntax checking information may be incorrect. [C:\Users\walto\Desktop\School\2020-Fall\COMPE-470\Project\remote_pwm\remote_pwm.srcs\sources_1\new\MSPI.v:]
WARNING: [filemgmt 56-199] Attempt to get parsing info during refresh. "On-the-fly" syntax checking information may be incorrect. [C:\Users\walto\Desktop\School\2020-Fall\COMPE-470\Project\remote_pwm\remote_pwm.srcs\sim_1\new\tb_MSPI.v:]
WARNING: [filemgmt 56-199] Attempt to get parsing info during refresh. "On-the-fly" syntax checking information may be incorrect. [C:\Users\walto\Desktop\School\2020-Fall\COMPE-470\Project\remote_pwm\remote_pwm.srcs\sources_1\new\MSPI.v:]
WARNING: [filemgmt 56-199] Attempt to get parsing info during refresh. "On-the-fly" syntax checking information may be incorrect. [C:\Users\walto\Desktop\School\2020-Fall\COMPE-470\Project\remote_pwm\remote_pwm.srcs\sim_1\new\tb_MSPI.v:]
ERROR: [Common 17-180] Spawn failed: No error
WARNING: [filemgmt 56-199] Attempt to get parsing info during refresh. "On-the-fly" syntax checking information may be incorrect. [C:\Users\walto\Desktop\School\2020-Fall\COMPE-470\Project\remote_pwm\remote_pwm.srcs\sources_1\new\MSPI.v:]
WARNING: [filemgmt 56-199] Attempt to get parsing info during refresh. "On-the-fly" syntax checking information may be incorrect. [C:\Users\walto\Desktop\School\2020-Fall\COMPE-470\Project\remote_pwm\remote_pwm.srcs\sim_1\new\tb_MSPI.v:]
WARNING: [filemgmt 56-199] Attempt to get parsing info during refresh. "On-the-fly" syntax checking information may be incorrect. [C:\Users\walto\Desktop\School\2020-Fall\COMPE-470\Project\remote_pwm\remote_pwm.srcs\sources_1\new\MSPI.v:]
WARNING: [filemgmt 56-199] Attempt to get parsing info during refresh. "On-the-fly" syntax checking information may be incorrect. [C:\Users\walto\Desktop\School\2020-Fall\COMPE-470\Project\remote_pwm\remote_pwm.srcs\sim_1\new\tb_MSPI.v:]
ERROR: [Common 17-180] Spawn failed: No error
WARNING: [filemgmt 56-199] Attempt to get parsing info during refresh. "On-the-fly" syntax checking information may be incorrect. [C:\Users\walto\Desktop\School\2020-Fall\COMPE-470\Project\remote_pwm\remote_pwm.srcs\sources_1\new\MSPI.v:]
WARNING: [filemgmt 56-199] Attempt to get parsing info during refresh. "On-the-fly" syntax checking information may be incorrect. [C:\Users\walto\Desktop\School\2020-Fall\COMPE-470\Project\remote_pwm\remote_pwm.srcs\sim_1\new\tb_MSPI.v:]
ERROR: [Common 17-180] Spawn failed: No error
WARNING: [filemgmt 56-199] Attempt to get parsing info during refresh. "On-the-fly" syntax checking information may be incorrect. [C:\Users\walto\Desktop\School\2020-Fall\COMPE-470\Project\remote_pwm\remote_pwm.srcs\sources_1\new\MSPI.v:]
WARNING: [filemgmt 56-199] Attempt to get parsing info during refresh. "On-the-fly" syntax checking information may be incorrect. [C:\Users\walto\Desktop\School\2020-Fall\COMPE-470\Project\remote_pwm\remote_pwm.srcs\sim_1\new\tb_MSPI.v:]
ERROR: [Common 17-180] Spawn failed: No error
WARNING: [filemgmt 56-199] Attempt to get parsing info during refresh. "On-the-fly" syntax checking information may be incorrect. [C:\Users\walto\Desktop\School\2020-Fall\COMPE-470\Project\remote_pwm\remote_pwm.srcs\sources_1\new\MSPI.v:]
WARNING: [filemgmt 56-199] Attempt to get parsing info during refresh. "On-the-fly" syntax checking information may be incorrect. [C:\Users\walto\Desktop\School\2020-Fall\COMPE-470\Project\remote_pwm\remote_pwm.srcs\sim_1\new\tb_MSPI.v:]
ERROR: [Common 17-180] Spawn failed: No error
WARNING: [filemgmt 56-199] Attempt to get parsing info during refresh. "On-the-fly" syntax checking information may be incorrect. [C:\Users\walto\Desktop\School\2020-Fall\COMPE-470\Project\remote_pwm\remote_pwm.srcs\sources_1\new\MSPI.v:]
WARNING: [filemgmt 56-199] Attempt to get parsing info during refresh. "On-the-fly" syntax checking information may be incorrect. [C:\Users\walto\Desktop\School\2020-Fall\COMPE-470\Project\remote_pwm\remote_pwm.srcs\sim_1\new\tb_MSPI.v:]
ERROR: [Common 17-180] Spawn failed: No error
WARNING: [filemgmt 56-199] Attempt to get parsing info during refresh. "On-the-fly" syntax checking information may be incorrect. [C:\Users\walto\Desktop\School\2020-Fall\COMPE-470\Project\remote_pwm\remote_pwm.srcs\sources_1\new\MSPI.v:]
WARNING: [filemgmt 56-199] Attempt to get parsing info during refresh. "On-the-fly" syntax checking information may be incorrect. [C:\Users\walto\Desktop\School\2020-Fall\COMPE-470\Project\remote_pwm\remote_pwm.srcs\sim_1\new\tb_MSPI.v:]
ERROR: [Common 17-180] Spawn failed: No error
WARNING: [filemgmt 56-199] Attempt to get parsing info during refresh. "On-the-fly" syntax checking information may be incorrect. [C:\Users\walto\Desktop\School\2020-Fall\COMPE-470\Project\remote_pwm\remote_pwm.srcs\sources_1\new\MSPI.v:]
WARNING: [filemgmt 56-199] Attempt to get parsing info during refresh. "On-the-fly" syntax checking information may be incorrect. [C:\Users\walto\Desktop\School\2020-Fall\COMPE-470\Project\remote_pwm\remote_pwm.srcs\sim_1\new\tb_MSPI.v:]
ERROR: [Common 17-180] Spawn failed: No error
WARNING: [filemgmt 56-199] Attempt to get parsing info during refresh. "On-the-fly" syntax checking information may be incorrect. [C:\Users\walto\Desktop\School\2020-Fall\COMPE-470\Project\remote_pwm\remote_pwm.srcs\sources_1\new\MSPI.v:]
WARNING: [filemgmt 56-199] Attempt to get parsing info during refresh. "On-the-fly" syntax checking information may be incorrect. [C:\Users\walto\Desktop\School\2020-Fall\COMPE-470\Project\remote_pwm\remote_pwm.srcs\sim_1\new\tb_MSPI.v:]
ERROR: [Common 17-180] Spawn failed: No error
WARNING: [filemgmt 56-199] Attempt to get parsing info during refresh. "On-the-fly" syntax checking information may be incorrect. [C:\Users\walto\Desktop\School\2020-Fall\COMPE-470\Project\remote_pwm\remote_pwm.srcs\sources_1\new\MSPI.v:]
WARNING: [filemgmt 56-199] Attempt to get parsing info during refresh. "On-the-fly" syntax checking information may be incorrect. [C:\Users\walto\Desktop\School\2020-Fall\COMPE-470\Project\remote_pwm\remote_pwm.srcs\sim_1\new\tb_MSPI.v:]
ERROR: [Common 17-180] Spawn failed: No error
WARNING: [filemgmt 56-199] Attempt to get parsing info during refresh. "On-the-fly" syntax checking information may be incorrect. [C:\Users\walto\Desktop\School\2020-Fall\COMPE-470\Project\remote_pwm\remote_pwm.srcs\sources_1\new\MSPI.v:]
WARNING: [filemgmt 56-199] Attempt to get parsing info during refresh. "On-the-fly" syntax checking information may be incorrect. [C:\Users\walto\Desktop\School\2020-Fall\COMPE-470\Project\remote_pwm\remote_pwm.srcs\sim_1\new\tb_MSPI.v:]
ERROR: [Common 17-180] Spawn failed: No error
WARNING: [filemgmt 56-199] Attempt to get parsing info during refresh. "On-the-fly" syntax checking information may be incorrect. [C:\Users\walto\Desktop\School\2020-Fall\COMPE-470\Project\remote_pwm\remote_pwm.srcs\sources_1\new\MSPI.v:]
WARNING: [filemgmt 56-199] Attempt to get parsing info during refresh. "On-the-fly" syntax checking information may be incorrect. [C:\Users\walto\Desktop\School\2020-Fall\COMPE-470\Project\remote_pwm\remote_pwm.srcs\sim_1\new\tb_MSPI.v:]
ERROR: [Common 17-180] Spawn failed: No error
WARNING: [filemgmt 56-199] Attempt to get parsing info during refresh. "On-the-fly" syntax checking information may be incorrect. [C:\Users\walto\Desktop\School\2020-Fall\COMPE-470\Project\remote_pwm\remote_pwm.srcs\sources_1\new\MSPI.v:]
WARNING: [filemgmt 56-199] Attempt to get parsing info during refresh. "On-the-fly" syntax checking information may be incorrect. [C:\Users\walto\Desktop\School\2020-Fall\COMPE-470\Project\remote_pwm\remote_pwm.srcs\sim_1\new\tb_MSPI.v:]
ERROR: [Common 17-180] Spawn failed: No error
WARNING: [filemgmt 56-199] Attempt to get parsing info during refresh. "On-the-fly" syntax checking information may be incorrect. [C:\Users\walto\Desktop\School\2020-Fall\COMPE-470\Project\remote_pwm\remote_pwm.srcs\sources_1\new\MSPI.v:]
WARNING: [filemgmt 56-199] Attempt to get parsing info during refresh. "On-the-fly" syntax checking information may be incorrect. [C:\Users\walto\Desktop\School\2020-Fall\COMPE-470\Project\remote_pwm\remote_pwm.srcs\sim_1\new\tb_MSPI.v:]
ERROR: [Common 17-180] Spawn failed: No error
add_files -norecurse -scan_for_includes C:/Users/walto/Desktop/School/2020-Fall/COMPE-470/Project/remote_pwm/remote_pwm.srcs/sources_1/new/SPI.v
WARNING: [filemgmt 56-199] Attempt to get parsing info during refresh. "On-the-fly" syntax checking information may be incorrect. [C:\Users\walto\Desktop\School\2020-Fall\COMPE-470\Project\remote_pwm\remote_pwm.srcs\sources_1\new\SPI.v:]
WARNING: [filemgmt 56-199] Attempt to get parsing info during refresh. "On-the-fly" syntax checking information may be incorrect. [C:\Users\walto\Desktop\School\2020-Fall\COMPE-470\Project\remote_pwm\remote_pwm.srcs\sources_1\new\PWM.v:]
WARNING: [filemgmt 56-199] Attempt to get parsing info during refresh. "On-the-fly" syntax checking information may be incorrect. [C:\Users\walto\Desktop\School\2020-Fall\COMPE-470\Project\remote_pwm\remote_pwm.srcs\sources_1\new\MSPI.v:]
WARNING: [filemgmt 56-199] Attempt to get parsing info during refresh. "On-the-fly" syntax checking information may be incorrect. [C:\Users\walto\Desktop\School\2020-Fall\COMPE-470\Project\remote_pwm\remote_pwm.srcs\sim_1\new\tb_MSPI.v:]
ERROR: [Common 17-180] Spawn failed: No error
WARNING: [filemgmt 56-199] Attempt to get parsing info during refresh. "On-the-fly" syntax checking information may be incorrect. [C:\Users\walto\Desktop\School\2020-Fall\COMPE-470\Project\remote_pwm\remote_pwm.srcs\sources_1\new\SPI.v:]
WARNING: [filemgmt 56-199] Attempt to get parsing info during refresh. "On-the-fly" syntax checking information may be incorrect. [C:\Users\walto\Desktop\School\2020-Fall\COMPE-470\Project\remote_pwm\remote_pwm.srcs\sources_1\new\PWM.v:]
WARNING: [filemgmt 56-199] Attempt to get parsing info during refresh. "On-the-fly" syntax checking information may be incorrect. [C:\Users\walto\Desktop\School\2020-Fall\COMPE-470\Project\remote_pwm\remote_pwm.srcs\sources_1\new\MSPI.v:]
WARNING: [filemgmt 56-199] Attempt to get parsing info during refresh. "On-the-fly" syntax checking information may be incorrect. [C:\Users\walto\Desktop\School\2020-Fall\COMPE-470\Project\remote_pwm\remote_pwm.srcs\sim_1\new\tb_MSPI.v:]
ERROR: [Common 17-180] Spawn failed: No error
WARNING: [filemgmt 56-199] Attempt to get parsing info during refresh. "On-the-fly" syntax checking information may be incorrect. [C:\Users\walto\Desktop\School\2020-Fall\COMPE-470\Project\remote_pwm\remote_pwm.srcs\sources_1\new\SPI.v:]
WARNING: [filemgmt 56-199] Attempt to get parsing info during refresh. "On-the-fly" syntax checking information may be incorrect. [C:\Users\walto\Desktop\School\2020-Fall\COMPE-470\Project\remote_pwm\remote_pwm.srcs\sources_1\new\PWM.v:]
WARNING: [filemgmt 56-199] Attempt to get parsing info during refresh. "On-the-fly" syntax checking information may be incorrect. [C:\Users\walto\Desktop\School\2020-Fall\COMPE-470\Project\remote_pwm\remote_pwm.srcs\sources_1\new\MSPI.v:]
WARNING: [filemgmt 56-199] Attempt to get parsing info during refresh. "On-the-fly" syntax checking information may be incorrect. [C:\Users\walto\Desktop\School\2020-Fall\COMPE-470\Project\remote_pwm\remote_pwm.srcs\sim_1\new\tb_MSPI.v:]
ERROR: [Common 17-180] Spawn failed: No error
WARNING: [filemgmt 56-199] Attempt to get parsing info during refresh. "On-the-fly" syntax checking information may be incorrect. [C:\Users\walto\Desktop\School\2020-Fall\COMPE-470\Project\remote_pwm\remote_pwm.srcs\sources_1\new\SPI.v:]
WARNING: [filemgmt 56-199] Attempt to get parsing info during refresh. "On-the-fly" syntax checking information may be incorrect. [C:\Users\walto\Desktop\School\2020-Fall\COMPE-470\Project\remote_pwm\remote_pwm.srcs\sources_1\new\PWM.v:]
WARNING: [filemgmt 56-199] Attempt to get parsing info during refresh. "On-the-fly" syntax checking information may be incorrect. [C:\Users\walto\Desktop\School\2020-Fall\COMPE-470\Project\remote_pwm\remote_pwm.srcs\sources_1\new\MSPI.v:]
WARNING: [filemgmt 56-199] Attempt to get parsing info during refresh. "On-the-fly" syntax checking information may be incorrect. [C:\Users\walto\Desktop\School\2020-Fall\COMPE-470\Project\remote_pwm\remote_pwm.srcs\sim_1\new\tb_MSPI.v:]
WARNING: [filemgmt 56-199] Attempt to get parsing info during refresh. "On-the-fly" syntax checking information may be incorrect. [C:\Users\walto\Desktop\School\2020-Fall\COMPE-470\Project\remote_pwm\remote_pwm.srcs\sources_1\new\SPI.v:]
WARNING: [filemgmt 56-199] Attempt to get parsing info during refresh. "On-the-fly" syntax checking information may be incorrect. [C:\Users\walto\Desktop\School\2020-Fall\COMPE-470\Project\remote_pwm\remote_pwm.srcs\sources_1\new\PWM.v:]
WARNING: [filemgmt 56-199] Attempt to get parsing info during refresh. "On-the-fly" syntax checking information may be incorrect. [C:\Users\walto\Desktop\School\2020-Fall\COMPE-470\Project\remote_pwm\remote_pwm.srcs\sources_1\new\MSPI.v:]
WARNING: [filemgmt 56-199] Attempt to get parsing info during refresh. "On-the-fly" syntax checking information may be incorrect. [C:\Users\walto\Desktop\School\2020-Fall\COMPE-470\Project\remote_pwm\remote_pwm.srcs\sim_1\new\tb_MSPI.v:]
ERROR: [Common 17-180] Spawn failed: No error
WARNING: [filemgmt 56-199] Attempt to get parsing info during refresh. "On-the-fly" syntax checking information may be incorrect. [C:\Users\walto\Desktop\School\2020-Fall\COMPE-470\Project\remote_pwm\remote_pwm.srcs\sources_1\new\SPI.v:]
WARNING: [filemgmt 56-199] Attempt to get parsing info during refresh. "On-the-fly" syntax checking information may be incorrect. [C:\Users\walto\Desktop\School\2020-Fall\COMPE-470\Project\remote_pwm\remote_pwm.srcs\sources_1\new\PWM.v:]
WARNING: [filemgmt 56-199] Attempt to get parsing info during refresh. "On-the-fly" syntax checking information may be incorrect. [C:\Users\walto\Desktop\School\2020-Fall\COMPE-470\Project\remote_pwm\remote_pwm.srcs\sources_1\new\MSPI.v:]
WARNING: [filemgmt 56-199] Attempt to get parsing info during refresh. "On-the-fly" syntax checking information may be incorrect. [C:\Users\walto\Desktop\School\2020-Fall\COMPE-470\Project\remote_pwm\remote_pwm.srcs\sim_1\new\tb_MSPI.v:]
ERROR: [Common 17-180] Spawn failed: No error
WARNING: [filemgmt 56-199] Attempt to get parsing info during refresh. "On-the-fly" syntax checking information may be incorrect. [C:\Users\walto\Desktop\School\2020-Fall\COMPE-470\Project\remote_pwm\remote_pwm.srcs\sources_1\new\SPI.v:]
WARNING: [filemgmt 56-199] Attempt to get parsing info during refresh. "On-the-fly" syntax checking information may be incorrect. [C:\Users\walto\Desktop\School\2020-Fall\COMPE-470\Project\remote_pwm\remote_pwm.srcs\sources_1\new\PWM.v:]
WARNING: [filemgmt 56-199] Attempt to get parsing info during refresh. "On-the-fly" syntax checking information may be incorrect. [C:\Users\walto\Desktop\School\2020-Fall\COMPE-470\Project\remote_pwm\remote_pwm.srcs\sources_1\new\MSPI.v:]
WARNING: [filemgmt 56-199] Attempt to get parsing info during refresh. "On-the-fly" syntax checking information may be incorrect. [C:\Users\walto\Desktop\School\2020-Fall\COMPE-470\Project\remote_pwm\remote_pwm.srcs\sim_1\new\tb_MSPI.v:]
ERROR: [Common 17-180] Spawn failed: No error
WARNING: [filemgmt 56-199] Attempt to get parsing info during refresh. "On-the-fly" syntax checking information may be incorrect. [C:\Users\walto\Desktop\School\2020-Fall\COMPE-470\Project\remote_pwm\remote_pwm.srcs\sources_1\new\SPI.v:]
WARNING: [filemgmt 56-199] Attempt to get parsing info during refresh. "On-the-fly" syntax checking information may be incorrect. [C:\Users\walto\Desktop\School\2020-Fall\COMPE-470\Project\remote_pwm\remote_pwm.srcs\sources_1\new\PWM.v:]
WARNING: [filemgmt 56-199] Attempt to get parsing info during refresh. "On-the-fly" syntax checking information may be incorrect. [C:\Users\walto\Desktop\School\2020-Fall\COMPE-470\Project\remote_pwm\remote_pwm.srcs\sources_1\new\MSPI.v:]
WARNING: [filemgmt 56-199] Attempt to get parsing info during refresh. "On-the-fly" syntax checking information may be incorrect. [C:\Users\walto\Desktop\School\2020-Fall\COMPE-470\Project\remote_pwm\remote_pwm.srcs\sim_1\new\tb_MSPI.v:]
ERROR: [Common 17-180] Spawn failed: No error
WARNING: [filemgmt 56-199] Attempt to get parsing info during refresh. "On-the-fly" syntax checking information may be incorrect. [C:\Users\walto\Desktop\School\2020-Fall\COMPE-470\Project\remote_pwm\remote_pwm.srcs\sources_1\new\SPI.v:]
WARNING: [filemgmt 56-199] Attempt to get parsing info during refresh. "On-the-fly" syntax checking information may be incorrect. [C:\Users\walto\Desktop\School\2020-Fall\COMPE-470\Project\remote_pwm\remote_pwm.srcs\sources_1\new\PWM.v:]
WARNING: [filemgmt 56-199] Attempt to get parsing info during refresh. "On-the-fly" syntax checking information may be incorrect. [C:\Users\walto\Desktop\School\2020-Fall\COMPE-470\Project\remote_pwm\remote_pwm.srcs\sources_1\new\MSPI.v:]
WARNING: [filemgmt 56-199] Attempt to get parsing info during refresh. "On-the-fly" syntax checking information may be incorrect. [C:\Users\walto\Desktop\School\2020-Fall\COMPE-470\Project\remote_pwm\remote_pwm.srcs\sim_1\new\tb_MSPI.v:]
ERROR: [Common 17-180] Spawn failed: No error
WARNING: [filemgmt 56-199] Attempt to get parsing info during refresh. "On-the-fly" syntax checking information may be incorrect. [C:\Users\walto\Desktop\School\2020-Fall\COMPE-470\Project\remote_pwm\remote_pwm.srcs\sources_1\new\SPI.v:]
WARNING: [filemgmt 56-199] Attempt to get parsing info during refresh. "On-the-fly" syntax checking information may be incorrect. [C:\Users\walto\Desktop\School\2020-Fall\COMPE-470\Project\remote_pwm\remote_pwm.srcs\sources_1\new\PWM.v:]
WARNING: [filemgmt 56-199] Attempt to get parsing info during refresh. "On-the-fly" syntax checking information may be incorrect. [C:\Users\walto\Desktop\School\2020-Fall\COMPE-470\Project\remote_pwm\remote_pwm.srcs\sources_1\new\MSPI.v:]
WARNING: [filemgmt 56-199] Attempt to get parsing info during refresh. "On-the-fly" syntax checking information may be incorrect. [C:\Users\walto\Desktop\School\2020-Fall\COMPE-470\Project\remote_pwm\remote_pwm.srcs\sim_1\new\tb_MSPI.v:]
ERROR: [Common 17-180] Spawn failed: No error
WARNING: [filemgmt 56-199] Attempt to get parsing info during refresh. "On-the-fly" syntax checking information may be incorrect. [C:\Users\walto\Desktop\School\2020-Fall\COMPE-470\Project\remote_pwm\remote_pwm.srcs\sources_1\new\SPI.v:]
WARNING: [filemgmt 56-199] Attempt to get parsing info during refresh. "On-the-fly" syntax checking information may be incorrect. [C:\Users\walto\Desktop\School\2020-Fall\COMPE-470\Project\remote_pwm\remote_pwm.srcs\sources_1\new\PWM.v:]
WARNING: [filemgmt 56-199] Attempt to get parsing info during refresh. "On-the-fly" syntax checking information may be incorrect. [C:\Users\walto\Desktop\School\2020-Fall\COMPE-470\Project\remote_pwm\remote_pwm.srcs\sources_1\new\MSPI.v:]
WARNING: [filemgmt 56-199] Attempt to get parsing info during refresh. "On-the-fly" syntax checking information may be incorrect. [C:\Users\walto\Desktop\School\2020-Fall\COMPE-470\Project\remote_pwm\remote_pwm.srcs\sim_1\new\tb_MSPI.v:]
ERROR: [Common 17-180] Spawn failed: No error
WARNING: [filemgmt 56-199] Attempt to get parsing info during refresh. "On-the-fly" syntax checking information may be incorrect. [C:\Users\walto\Desktop\School\2020-Fall\COMPE-470\Project\remote_pwm\remote_pwm.srcs\sources_1\new\SPI.v:]
WARNING: [filemgmt 56-199] Attempt to get parsing info during refresh. "On-the-fly" syntax checking information may be incorrect. [C:\Users\walto\Desktop\School\2020-Fall\COMPE-470\Project\remote_pwm\remote_pwm.srcs\sources_1\new\PWM.v:]
WARNING: [filemgmt 56-199] Attempt to get parsing info during refresh. "On-the-fly" syntax checking information may be incorrect. [C:\Users\walto\Desktop\School\2020-Fall\COMPE-470\Project\remote_pwm\remote_pwm.srcs\sources_1\new\MSPI.v:]
WARNING: [filemgmt 56-199] Attempt to get parsing info during refresh. "On-the-fly" syntax checking information may be incorrect. [C:\Users\walto\Desktop\School\2020-Fall\COMPE-470\Project\remote_pwm\remote_pwm.srcs\sim_1\new\tb_MSPI.v:]
ERROR: [Common 17-180] Spawn failed: No error
WARNING: [filemgmt 56-199] Attempt to get parsing info during refresh. "On-the-fly" syntax checking information may be incorrect. [C:\Users\walto\Desktop\School\2020-Fall\COMPE-470\Project\remote_pwm\remote_pwm.srcs\sources_1\new\SPI.v:]
WARNING: [filemgmt 56-199] Attempt to get parsing info during refresh. "On-the-fly" syntax checking information may be incorrect. [C:\Users\walto\Desktop\School\2020-Fall\COMPE-470\Project\remote_pwm\remote_pwm.srcs\sources_1\new\PWM.v:]
WARNING: [filemgmt 56-199] Attempt to get parsing info during refresh. "On-the-fly" syntax checking information may be incorrect. [C:\Users\walto\Desktop\School\2020-Fall\COMPE-470\Project\remote_pwm\remote_pwm.srcs\sources_1\new\MSPI.v:]
WARNING: [filemgmt 56-199] Attempt to get parsing info during refresh. "On-the-fly" syntax checking information may be incorrect. [C:\Users\walto\Desktop\School\2020-Fall\COMPE-470\Project\remote_pwm\remote_pwm.srcs\sim_1\new\tb_MSPI.v:]
ERROR: [Common 17-180] Spawn failed: No error
export_ip_user_files -of_objects  [get_files C:/Users/walto/Desktop/School/2020-Fall/COMPE-470/Project/remote_pwm/remote_pwm.srcs/sources_1/new/SPI.v] -no_script -reset -force -quiet
remove_files  C:/Users/walto/Desktop/School/2020-Fall/COMPE-470/Project/remote_pwm/remote_pwm.srcs/sources_1/new/SPI.v
add_files -norecurse -scan_for_includes C:/Users/walto/Desktop/School/2020-Fall/COMPE-470/Project/remote_pwm/remote_pwm.srcs/sources_1/new/SPI.v
set_property SOURCE_SET sources_1 [get_filesets sim_1]
add_files -fileset sim_1 -norecurse -scan_for_includes C:/Users/walto/Desktop/School/2020-Fall/COMPE-470/Project/remote_pwm/remote_pwm.srcs/sim_1/new/tb_SPI.v
WARNING: [filemgmt 56-199] Attempt to get parsing info during refresh. "On-the-fly" syntax checking information may be incorrect. [C:\Users\walto\Desktop\School\2020-Fall\COMPE-470\Project\remote_pwm\remote_pwm.srcs\sources_1\new\SPI.v:]
WARNING: [filemgmt 56-199] Attempt to get parsing info during refresh. "On-the-fly" syntax checking information may be incorrect. [C:\Users\walto\Desktop\School\2020-Fall\COMPE-470\Project\remote_pwm\remote_pwm.srcs\sources_1\new\PWM.v:]
WARNING: [filemgmt 56-199] Attempt to get parsing info during refresh. "On-the-fly" syntax checking information may be incorrect. [C:\Users\walto\Desktop\School\2020-Fall\COMPE-470\Project\remote_pwm\remote_pwm.srcs\sources_1\new\MSPI.v:]
WARNING: [filemgmt 56-199] Attempt to get parsing info during refresh. "On-the-fly" syntax checking information may be incorrect. [C:\Users\walto\Desktop\School\2020-Fall\COMPE-470\Project\remote_pwm\remote_pwm.srcs\sim_1\new\tb_MSPI.v:]
ERROR: [Common 17-180] Spawn failed: No such file or directory
WARNING: [filemgmt 56-199] Attempt to get parsing info during refresh. "On-the-fly" syntax checking information may be incorrect. [C:\Users\walto\Desktop\School\2020-Fall\COMPE-470\Project\remote_pwm\remote_pwm.srcs\sources_1\new\SPI.v:]
WARNING: [filemgmt 56-199] Attempt to get parsing info during refresh. "On-the-fly" syntax checking information may be incorrect. [C:\Users\walto\Desktop\School\2020-Fall\COMPE-470\Project\remote_pwm\remote_pwm.srcs\sources_1\new\PWM.v:]
WARNING: [filemgmt 56-199] Attempt to get parsing info during refresh. "On-the-fly" syntax checking information may be incorrect. [C:\Users\walto\Desktop\School\2020-Fall\COMPE-470\Project\remote_pwm\remote_pwm.srcs\sources_1\new\MSPI.v:]
WARNING: [filemgmt 56-199] Attempt to get parsing info during refresh. "On-the-fly" syntax checking information may be incorrect. [C:\Users\walto\Desktop\School\2020-Fall\COMPE-470\Project\remote_pwm\remote_pwm.srcs\sim_1\new\tb_MSPI.v:]
ERROR: [Common 17-180] Spawn failed: No such file or directory
set_property top tb_MSPI [get_filesets sim_1]
set_property top_lib xil_defaultlib [get_filesets sim_1]
launch_simulation
Command: launch_simulation 
INFO: [Vivado 12-5682] Launching behavioral simulation in 'C:/Users/walto/Desktop/School/2020-Fall/COMPE-470/Project/remote_pwm/remote_pwm.sim/sim_1/behav/xsim'
INFO: [SIM-utils-51] Simulation object is 'sim_1'
INFO: [SIM-utils-54] Inspecting design source files for 'tb_MSPI' in fileset 'sim_1'...
INFO: [USF-XSim-97] Finding global include files...
INFO: [USF-XSim-100] Fetching design files from 'sources_1'...(this may take a while)...
INFO: [USF-XSim-101] Fetching design files from 'sim_1'...
INFO: [USF-XSim-2] XSim::Compile design
INFO: [USF-XSim-61] Executing 'COMPILE and ANALYZE' step in 'C:/Users/walto/Desktop/School/2020-Fall/COMPE-470/Project/remote_pwm/remote_pwm.sim/sim_1/behav/xsim'
"xvlog --incr --relax -prj tb_MSPI_vlog.prj"
ERROR: [XSIM 43-4316] Can not find file: ../../../../remote_pwm.srcs/sources_1/new/FUCK.v
INFO: [USF-XSim-69] 'compile' step finished in '1' seconds
INFO: [USF-XSim-99] Step results log file:'C:/Users/walto/Desktop/School/2020-Fall/COMPE-470/Project/remote_pwm/remote_pwm.sim/sim_1/behav/xsim/xvlog.log'
ERROR: [USF-XSim-62] 'compile' step failed with error(s). Please check the Tcl console output or 'C:/Users/walto/Desktop/School/2020-Fall/COMPE-470/Project/remote_pwm/remote_pwm.sim/sim_1/behav/xsim/xvlog.log' file for more information.
ERROR: [Vivado 12-4473] Detected error while running simulation. Please correct the issue and retry this operation.
ERROR: [Common 17-39] 'launch_simulation' failed due to earlier errors.
exit
INFO: [Common 17-206] Exiting Vivado at Mon Nov 30 00:18:50 2020...
